#
# There is insufficient memory for the Java Runtime Environment to continue.
# Native memory allocation (mmap) failed to map 97517568 bytes for Failed to commit area from 0x00000000af000000 to 0x00000000b4d00000 of length 97517568.
# Possible reasons:
#   The system is out of physical RAM or swap space
#   The process is running with CompressedOops enabled, and the Java Heap may be blocking the growth of the native heap
# Possible solutions:
#   Reduce memory load on the system
#   Increase physical memory or swap space
#   Check if swap backing store is full
#   Decrease Java heap size (-Xmx/-Xms)
#   Decrease number of Java threads
#   Decrease Java thread stack sizes (-Xss)
#   Set larger code cache with -XX:ReservedCodeCacheSize=
#   JVM is running with Unscaled Compressed Oops mode in which the Java heap is
#     placed in the first 4GB address space. The Java Heap base address is the
#     maximum limit for the native heap growth. Please use -XX:HeapBaseMinAddress
#     to set the Java Heap base and to place the Java Heap above 4GB virtual address.
# This output file may be truncated or incomplete.
#
#  Out of Memory Error (./src/hotspot/os/windows/os_windows.cpp:3301), pid=16212, tid=11288
#
# JRE version: OpenJDK Runtime Environment (11.0.10) (build 11.0.10+0-b96-7249189)
# Java VM: OpenJDK 64-Bit Server VM (11.0.10+0-b96-7249189, mixed mode, tiered, compressed oops, g1 gc, windows-amd64)
# No core dump will be written. Minidumps are not enabled by default on client versions of Windows
#

---------------  S U M M A R Y ------------

Command Line: --add-opens=java.base/java.util=ALL-UNNAMED --add-opens=java.base/java.lang=ALL-UNNAMED --add-opens=java.base/java.lang.invoke=ALL-UNNAMED --add-opens=java.prefs/java.util.prefs=ALL-UNNAMED -Xmx1536M -Dfile.encoding=GBK -Duser.country=CN -Duser.language=zh -Duser.variant org.gradle.launcher.daemon.bootstrap.GradleDaemon 6.7

Host: Intel(R) Core(TM) i7-8565U CPU @ 1.80GHz, 8 cores, 7G,  Windows 10 , 64 bit Build 19041 (10.0.19041.1566)
Time: Fri Mar 18 00:22:56 2022 ¶«²¿ÏÄÁîÊ± elapsed time: 194.974417 seconds (0d 0h 3m 14s)

---------------  T H R E A D  ---------------

Current thread (0x000001c01df6d000):  VMThread "VM Thread" [stack: 0x000000a2b0000000,0x000000a2b0100000] [id=11288]

Stack: [0x000000a2b0000000,0x000000a2b0100000]
[error occurred during error reporting (printing stack bounds), id 0xc0000005, EXCEPTION_ACCESS_VIOLATION (0xc0000005) at pc=0x000001c008920f2d]

Native frames: (J=compiled Java code, j=interpreted, Vv=VM code, C=native code)
V  [jvm.dll+0x5ecfaa]
V  [jvm.dll+0x722bd5]
V  [jvm.dll+0x72412d]
V  [jvm.dll+0x724745]
V  [jvm.dll+0x7246fb]
V  [jvm.dll+0x5ec348]
V  [jvm.dll+0x5ecad8]
C  [ntdll.dll+0xa20cf]
C  [ntdll.dll+0x51454]
C  [ntdll.dll+0xa0bfe]
C  0x000001c008920f2d

VM_Operation (0x000000a2b15f7890): G1CollectForAllocation, mode: safepoint, requested by thread 0x000001c01fa99800


---------------  P R O C E S S  ---------------

Threads class SMR info:
_java_thread_list=0x000001c02739d310, length=156, elements={
0x000001c004e33800, 0x000001c01df90800, 0x000001c01df9b000, 0x000001c01dfb1000,
0x000001c01dfb1800, 0x000001c01dfb3000, 0x000001c01dfb9000, 0x000001c01dfba000,
0x000001c01dfbb800, 0x000001c01e974000, 0x000001c020051000, 0x000001c01f36c000,
0x000001c02021c800, 0x000001c01eafe000, 0x000001c01ffb1800, 0x000001c02083d800,
0x000001c01fa99800, 0x000001c01f721000, 0x000001c0200bc800, 0x000001c01ee26800,
0x000001c01ee24000, 0x000001c01ee21800, 0x000001c01ee23800, 0x000001c01ee25000,
0x000001c01ee27800, 0x000001c01ee22800, 0x000001c01ee26000, 0x000001c01ee28000,
0x000001c022f0b000, 0x000001c022f0d800, 0x000001c022f09800, 0x000001c022f0a800,
0x000001c022f14000, 0x000001c022f15000, 0x000001c022f13000, 0x000001c022f0f000,
0x000001c022f11800, 0x000001c022f15800, 0x000001c022f11000, 0x000001c022f17800,
0x000001c02142e800, 0x000001c02142b000, 0x000001c02142c000, 0x000001c021428800,
0x000001c02142a000, 0x000001c021433000, 0x000001c021432800, 0x000001c02142f000,
0x000001c021435800, 0x000001c021430800, 0x000001c021437800, 0x000001c020c86000,
0x000001c020c85800, 0x000001c020c8c000, 0x000001c020c88000, 0x000001c020c8a800,
0x000001c020c88800, 0x000001c020c89800, 0x000001c020c8c800, 0x000001c020c87000,
0x000001c020c8d800, 0x000001c020c90000, 0x000001c020c91000, 0x000001c020c8e800,
0x000001c020c8b000, 0x000001c020c91800, 0x000001c020c92800, 0x000001c020c93800,
0x000001c020c94000, 0x000001c020c8f000, 0x000001c020e6b800, 0x000001c020e6e000,
0x000001c020e6d000, 0x000001c020e6f000, 0x000001c020e6f800, 0x000001c020e6a000,
0x000001c020e70800, 0x000001c020e6c800, 0x000001c020e6b000, 0x000001c020e76000,
0x000001c020e77000, 0x000001c020e74000, 0x000001c020e71800, 0x000001c020e73000,
0x000001c020e74800, 0x000001c020e78000, 0x000001c020e72000, 0x000001c020e78800,
0x000001c020e75800, 0x000001c021018000, 0x000001c021019000, 0x000001c021016000,
0x000001c021013800, 0x000001c02101a000, 0x000001c021016800, 0x000001c021017800,
0x000001c021014000, 0x000001c02101a800, 0x000001c021015000, 0x000001c02101d000,
0x000001c02101f000, 0x000001c02101f800, 0x000001c021020800, 0x000001c02101e000,
0x000001c021021000, 0x000001c02101c800, 0x000001c02101b800, 0x000001c021022000,
0x000001c021581800, 0x000001c021584800, 0x000001c021585800, 0x000001c021584000,
0x000001c021580000, 0x000001c021586800, 0x000001c021582800, 0x000001c021580800,
0x000001c021589000, 0x000001c021587000, 0x000001c021588000, 0x000001c021583000,
0x000001c02158d000, 0x000001c02158d800, 0x000001c02158e800, 0x000001c021589800,
0x000001c02158c000, 0x000001c02158a800, 0x000001c02158b000, 0x000001c020fd4000,
0x000001c020fd8800, 0x000001c020fd7800, 0x000001c020fd5000, 0x000001c020fd3800,
0x000001c020fd6800, 0x000001c020fda000, 0x000001c020fd9000, 0x000001c020fda800,
0x000001c020fdb800, 0x000001c020fd6000, 0x000001c020fdd000, 0x000001c020fe2000,
0x000001c020fe0800, 0x000001c020fdc800, 0x000001c020fde000, 0x000001c020fe1000,
0x000001c020fdf000, 0x000001c020fdf800, 0x000001c02142c800, 0x000001c021429800,
0x000001c021431800, 0x000001c02142d800, 0x000001c021436800, 0x000001c021434000,
0x000001c021435000, 0x000001c022f10000, 0x000001c022f0c000, 0x000001c022f16800
}

Java Threads: ( => current thread )
  0x000001c004e33800 JavaThread "main" [_thread_blocked, id=23600, stack(0x000000a2afa00000,0x000000a2afb00000)]
  0x000001c01df90800 JavaThread "Reference Handler" daemon [_thread_blocked, id=24516, stack(0x000000a2b0100000,0x000000a2b0200000)]
  0x000001c01df9b000 JavaThread "Finalizer" daemon [_thread_blocked, id=24592, stack(0x000000a2b0200000,0x000000a2b0300000)]
  0x000001c01dfb1000 JavaThread "Signal Dispatcher" daemon [_thread_blocked, id=12192, stack(0x000000a2b0300000,0x000000a2b0400000)]
  0x000001c01dfb1800 JavaThread "Attach Listener" daemon [_thread_blocked, id=15220, stack(0x000000a2b0400000,0x000000a2b0500000)]
  0x000001c01dfb3000 JavaThread "Service Thread" daemon [_thread_blocked, id=14720, stack(0x000000a2b0500000,0x000000a2b0600000)]
  0x000001c01dfb9000 JavaThread "C2 CompilerThread0" daemon [_thread_blocked, id=6292, stack(0x000000a2b0600000,0x000000a2b0700000)]
  0x000001c01dfba000 JavaThread "C1 CompilerThread0" daemon [_thread_blocked, id=1708, stack(0x000000a2b0700000,0x000000a2b0800000)]
  0x000001c01dfbb800 JavaThread "Sweeper thread" daemon [_thread_blocked, id=27780, stack(0x000000a2b0800000,0x000000a2b0900000)]
  0x000001c01e974000 JavaThread "Common-Cleaner" daemon [_thread_blocked, id=13028, stack(0x000000a2b0900000,0x000000a2b0a00000)]
  0x000001c020051000 JavaThread "Daemon health stats" [_thread_blocked, id=3796, stack(0x000000a2b0d00000,0x000000a2b0e00000)]
  0x000001c01f36c000 JavaThread "Incoming local TCP Connector on port 55701" [_thread_in_native, id=4616, stack(0x000000a2b1000000,0x000000a2b1100000)]
  0x000001c02021c800 JavaThread "Daemon periodic checks" [_thread_blocked, id=30016, stack(0x000000a2b1100000,0x000000a2b1200000)]
  0x000001c01eafe000 JavaThread "Daemon" [_thread_blocked, id=21292, stack(0x000000a2b1200000,0x000000a2b1300000)]
  0x000001c01ffb1800 JavaThread "Handler for socket connection from /127.0.0.1:55701 to /127.0.0.1:55733" [_thread_in_native, id=1824, stack(0x000000a2b1300000,0x000000a2b1400000)]
  0x000001c02083d800 JavaThread "Cancel handler" [_thread_blocked, id=29856, stack(0x000000a2b1400000,0x000000a2b1500000)]
  0x000001c01fa99800 JavaThread "Daemon worker" [_thread_blocked, id=8420, stack(0x000000a2b1500000,0x000000a2b1600000)]
  0x000001c01f721000 JavaThread "Asynchronous log dispatcher for DefaultDaemonConnection: socket connection from /127.0.0.1:55701 to /127.0.0.1:55733" [_thread_blocked, id=10388, stack(0x000000a2b1600000,0x000000a2b1700000)]
  0x000001c0200bc800 JavaThread "Stdin handler" [_thread_blocked, id=18500, stack(0x000000a2b1700000,0x000000a2b1800000)]
  0x000001c01ee26800 JavaThread "Thread-8" [_thread_blocked, id=22464, stack(0x000000a2b1800000,0x000000a2b1900000)]
  0x000001c01ee24000 JavaThread "Cache worker for file hash cache (C:\Users\Jingwei Li\.gradle\caches\6.7\fileHashes)" [_thread_blocked, id=34792, stack(0x000000a2b1f00000,0x000000a2b2000000)]
  0x000001c01ee21800 JavaThread "File lock request listener" [_thread_in_native, id=2324, stack(0x000000a2b2000000,0x000000a2b2100000)]
  0x000001c01ee23800 JavaThread "Cache worker for journal cache (C:\Users\Jingwei Li\.gradle\caches\journal-1)" [_thread_blocked, id=33052, stack(0x000000a2b2100000,0x000000a2b2200000)]
  0x000001c01ee25000 JavaThread "Cache worker for file hash cache (D:\Duke\Y3\PD\parkinsons_behavior_app\android\.gradle\6.7\fileHashes)" [_thread_blocked, id=8472, stack(0x000000a2b2300000,0x000000a2b2400000)]
  0x000001c01ee27800 JavaThread "Cache worker for checksums cache (D:\Duke\Y3\PD\parkinsons_behavior_app\android\.gradle\checksums)" [_thread_blocked, id=11648, stack(0x000000a2b2400000,0x000000a2b2500000)]
  0x000001c01ee22800 JavaThread "Cache worker for cache directory md-supplier (C:\Users\Jingwei Li\.gradle\caches\6.7\md-supplier)" [_thread_blocked, id=3952, stack(0x000000a2b2500000,0x000000a2b2600000)]
  0x000001c01ee26000 JavaThread "Cache worker for cache directory md-rule (C:\Users\Jingwei Li\.gradle\caches\6.7\md-rule)" [_thread_blocked, id=30776, stack(0x000000a2b2600000,0x000000a2b2700000)]
  0x000001c01ee28000 JavaThread "Cache worker for execution history cache (C:\Users\Jingwei Li\.gradle\caches\6.7\executionHistory)" [_thread_blocked, id=9268, stack(0x000000a2b2700000,0x000000a2b2800000)]
  0x000001c022f0b000 JavaThread "Cache worker for file content cache (C:\Users\Jingwei Li\.gradle\caches\6.7\fileContent)" [_thread_blocked, id=2736, stack(0x000000a2af700000,0x000000a2af800000)]
  0x000001c022f0d800 JavaThread "Cache worker for Build Output Cleanup Cache (D:\Duke\Y3\PD\parkinsons_behavior_app\android\.gradle\buildOutputCleanup)" [_thread_blocked, id=35072, stack(0x000000a2af800000,0x000000a2af900000)]
  0x000001c022f09800 JavaThread "Build operations" [_thread_blocked, id=18716, stack(0x000000a2af900000,0x000000a2afa00000)]
  0x000001c022f0a800 JavaThread "Build operations Thread 2" [_thread_blocked, id=26272, stack(0x000000a2b2900000,0x000000a2b2a00000)]
  0x000001c022f14000 JavaThread "Build operations Thread 3" [_thread_blocked, id=4424, stack(0x000000a2b2a00000,0x000000a2b2b00000)]
  0x000001c022f15000 JavaThread "Build operations Thread 4" [_thread_blocked, id=33344, stack(0x000000a2b2b00000,0x000000a2b2c00000)]
  0x000001c022f13000 JavaThread "Build operations Thread 5" [_thread_blocked, id=29300, stack(0x000000a2b2c00000,0x000000a2b2d00000)]
  0x000001c022f0f000 JavaThread "Build operations Thread 6" [_thread_blocked, id=32416, stack(0x000000a2b2d00000,0x000000a2b2e00000)]
  0x000001c022f11800 JavaThread "Build operations Thread 7" [_thread_blocked, id=34596, stack(0x000000a2b2e00000,0x000000a2b2f00000)]
  0x000001c022f15800 JavaThread "Build operations Thread 8" [_thread_blocked, id=17244, stack(0x000000a2b2f00000,0x000000a2b3000000)]
  0x000001c022f11000 JavaThread "jar transforms Thread 4" [_thread_blocked, id=9680, stack(0x000000a2b3200000,0x000000a2b3300000)]
  0x000001c022f17800 JavaThread "jar transforms Thread 5" [_thread_blocked, id=31580, stack(0x000000a2b3300000,0x000000a2b3400000)]
  0x000001c02142e800 JavaThread "jar transforms Thread 8" [_thread_blocked, id=1244, stack(0x000000a2b3600000,0x000000a2b3700000)]
  0x000001c02142b000 JavaThread "jar transforms Thread 9" [_thread_blocked, id=4044, stack(0x000000a2b3700000,0x000000a2b3800000)]
  0x000001c02142c000 JavaThread "jar transforms Thread 12" [_thread_blocked, id=32880, stack(0x000000a2b3a00000,0x000000a2b3b00000)]
  0x000001c021428800 JavaThread "jar transforms Thread 13" [_thread_blocked, id=30132, stack(0x000000a2b3b00000,0x000000a2b3c00000)]
  0x000001c02142a000 JavaThread "jar transforms Thread 16" [_thread_blocked, id=3772, stack(0x000000a2b3e00000,0x000000a2b3f00000)]
  0x000001c021433000 JavaThread "jar transforms Thread 17" [_thread_blocked, id=9624, stack(0x000000a2b3f00000,0x000000a2b4000000)]
  0x000001c021432800 JavaThread "jar transforms Thread 20" [_thread_blocked, id=17120, stack(0x000000a2b4200000,0x000000a2b4300000)]
  0x000001c02142f000 JavaThread "jar transforms Thread 21" [_thread_blocked, id=14464, stack(0x000000a2b4300000,0x000000a2b4400000)]
  0x000001c021435800 JavaThread "jar transforms Thread 24" [_thread_blocked, id=29256, stack(0x000000a2b4600000,0x000000a2b4700000)]
  0x000001c021430800 JavaThread "jar transforms Thread 25" [_thread_blocked, id=17888, stack(0x000000a2b4700000,0x000000a2b4800000)]
  0x000001c021437800 JavaThread "jar transforms Thread 26" [_thread_blocked, id=28968, stack(0x000000a2b4800000,0x000000a2b4900000)]
  0x000001c020c86000 JavaThread "jar transforms Thread 27" [_thread_blocked, id=28688, stack(0x000000a2b4900000,0x000000a2b4a00000)]
  0x000001c020c85800 JavaThread "jar transforms Thread 28" [_thread_blocked, id=28676, stack(0x000000a2b4a00000,0x000000a2b4b00000)]
  0x000001c020c8c000 JavaThread "jar transforms Thread 29" [_thread_blocked, id=16252, stack(0x000000a2b4b00000,0x000000a2b4c00000)]
  0x000001c020c88000 JavaThread "jar transforms Thread 30" [_thread_blocked, id=18692, stack(0x000000a2b4c00000,0x000000a2b4d00000)]
  0x000001c020c8a800 JavaThread "jar transforms Thread 31" [_thread_blocked, id=33496, stack(0x000000a2b4d00000,0x000000a2b4e00000)]
  0x000001c020c88800 JavaThread "jar transforms Thread 32" [_thread_blocked, id=9340, stack(0x000000a2b4e00000,0x000000a2b4f00000)]
  0x000001c020c89800 JavaThread "jar transforms Thread 33" [_thread_blocked, id=25212, stack(0x000000a2b4f00000,0x000000a2b5000000)]
  0x000001c020c8c800 JavaThread "jar transforms Thread 34" [_thread_blocked, id=17372, stack(0x000000a2b5000000,0x000000a2b5100000)]
  0x000001c020c87000 JavaThread "jar transforms Thread 35" [_thread_blocked, id=8024, stack(0x000000a2b5100000,0x000000a2b5200000)]
  0x000001c020c8d800 JavaThread "jar transforms Thread 36" [_thread_blocked, id=13760, stack(0x000000a2b5200000,0x000000a2b5300000)]
  0x000001c020c90000 JavaThread "jar transforms Thread 37" [_thread_blocked, id=18024, stack(0x000000a2b5300000,0x000000a2b5400000)]
  0x000001c020c91000 JavaThread "jar transforms Thread 38" [_thread_blocked, id=33076, stack(0x000000a2b5400000,0x000000a2b5500000)]
  0x000001c020c8e800 JavaThread "jar transforms Thread 39" [_thread_blocked, id=26144, stack(0x000000a2b5500000,0x000000a2b5600000)]
  0x000001c020c8b000 JavaThread "jar transforms Thread 40" [_thread_blocked, id=2824, stack(0x000000a2b5600000,0x000000a2b5700000)]
  0x000001c020c91800 JavaThread "jar transforms Thread 41" [_thread_blocked, id=30108, stack(0x000000a2b5700000,0x000000a2b5800000)]
  0x000001c020c92800 JavaThread "jar transforms Thread 42" [_thread_blocked, id=22796, stack(0x000000a2b5800000,0x000000a2b5900000)]
  0x000001c020c93800 JavaThread "jar transforms Thread 43" [_thread_blocked, id=28104, stack(0x000000a2b5900000,0x000000a2b5a00000)]
  0x000001c020c94000 JavaThread "jar transforms Thread 44" [_thread_blocked, id=23540, stack(0x000000a2b5a00000,0x000000a2b5b00000)]
  0x000001c020c8f000 JavaThread "jar transforms Thread 45" [_thread_blocked, id=23744, stack(0x000000a2b5b00000,0x000000a2b5c00000)]
  0x000001c020e6b800 JavaThread "jar transforms Thread 46" [_thread_blocked, id=31136, stack(0x000000a2b5c00000,0x000000a2b5d00000)]
  0x000001c020e6e000 JavaThread "jar transforms Thread 47" [_thread_blocked, id=19512, stack(0x000000a2b5d00000,0x000000a2b5e00000)]
  0x000001c020e6d000 JavaThread "jar transforms Thread 48" [_thread_blocked, id=21040, stack(0x000000a2b5e00000,0x000000a2b5f00000)]
  0x000001c020e6f000 JavaThread "jar transforms Thread 49" [_thread_blocked, id=22276, stack(0x000000a2b5f00000,0x000000a2b6000000)]
  0x000001c020e6f800 JavaThread "jar transforms Thread 50" [_thread_blocked, id=6128, stack(0x000000a2b6000000,0x000000a2b6100000)]
  0x000001c020e6a000 JavaThread "jar transforms Thread 51" [_thread_blocked, id=18748, stack(0x000000a2b6100000,0x000000a2b6200000)]
  0x000001c020e70800 JavaThread "jar transforms Thread 52" [_thread_blocked, id=212, stack(0x000000a2b6200000,0x000000a2b6300000)]
  0x000001c020e6c800 JavaThread "jar transforms Thread 53" [_thread_blocked, id=15740, stack(0x000000a2b6300000,0x000000a2b6400000)]
  0x000001c020e6b000 JavaThread "jar transforms Thread 54" [_thread_blocked, id=11236, stack(0x000000a2b6400000,0x000000a2b6500000)]
  0x000001c020e76000 JavaThread "jar transforms Thread 55" [_thread_blocked, id=30712, stack(0x000000a2b6500000,0x000000a2b6600000)]
  0x000001c020e77000 JavaThread "jar transforms Thread 56" [_thread_blocked, id=2952, stack(0x000000a2b6600000,0x000000a2b6700000)]
  0x000001c020e74000 JavaThread "jar transforms Thread 57" [_thread_blocked, id=25072, stack(0x000000a2b6700000,0x000000a2b6800000)]
  0x000001c020e71800 JavaThread "jar transforms Thread 58" [_thread_blocked, id=10360, stack(0x000000a2b6800000,0x000000a2b6900000)]
  0x000001c020e73000 JavaThread "jar transforms Thread 59" [_thread_blocked, id=28608, stack(0x000000a2b6900000,0x000000a2b6a00000)]
  0x000001c020e74800 JavaThread "jar transforms Thread 60" [_thread_blocked, id=5252, stack(0x000000a2b6a00000,0x000000a2b6b00000)]
  0x000001c020e78000 JavaThread "jar transforms Thread 61" [_thread_blocked, id=33316, stack(0x000000a2b6b00000,0x000000a2b6c00000)]
  0x000001c020e72000 JavaThread "jar transforms Thread 62" [_thread_blocked, id=35684, stack(0x000000a2b6c00000,0x000000a2b6d00000)]
  0x000001c020e78800 JavaThread "jar transforms Thread 63" [_thread_blocked, id=34732, stack(0x000000a2b6d00000,0x000000a2b6e00000)]
  0x000001c020e75800 JavaThread "jar transforms Thread 64" [_thread_blocked, id=30440, stack(0x000000a2b6e00000,0x000000a2b6f00000)]
  0x000001c021018000 JavaThread "jar transforms Thread 65" [_thread_blocked, id=18092, stack(0x000000a2b6f00000,0x000000a2b7000000)]
  0x000001c021019000 JavaThread "jar transforms Thread 66" [_thread_blocked, id=25428, stack(0x000000a2b7000000,0x000000a2b7100000)]
  0x000001c021016000 JavaThread "jar transforms Thread 67" [_thread_blocked, id=12624, stack(0x000000a2b7100000,0x000000a2b7200000)]
  0x000001c021013800 JavaThread "jar transforms Thread 68" [_thread_blocked, id=24044, stack(0x000000a2b7200000,0x000000a2b7300000)]
  0x000001c02101a000 JavaThread "jar transforms Thread 69" [_thread_blocked, id=16612, stack(0x000000a2b7300000,0x000000a2b7400000)]
  0x000001c021016800 JavaThread "jar transforms Thread 70" [_thread_blocked, id=35008, stack(0x000000a2b7400000,0x000000a2b7500000)]
  0x000001c021017800 JavaThread "jar transforms Thread 71" [_thread_blocked, id=25912, stack(0x000000a2b7500000,0x000000a2b7600000)]
  0x000001c021014000 JavaThread "jar transforms Thread 72" [_thread_blocked, id=35060, stack(0x000000a2b7600000,0x000000a2b7700000)]
  0x000001c02101a800 JavaThread "jar transforms Thread 73" [_thread_blocked, id=2208, stack(0x000000a2b7700000,0x000000a2b7800000)]
  0x000001c021015000 JavaThread "jar transforms Thread 74" [_thread_blocked, id=12236, stack(0x000000a2b7800000,0x000000a2b7900000)]
  0x000001c02101d000 JavaThread "jar transforms Thread 75" [_thread_blocked, id=20688, stack(0x000000a2b7900000,0x000000a2b7a00000)]
  0x000001c02101f000 JavaThread "jar transforms Thread 76" [_thread_blocked, id=27520, stack(0x000000a2b7a00000,0x000000a2b7b00000)]
  0x000001c02101f800 JavaThread "jar transforms Thread 77" [_thread_blocked, id=17416, stack(0x000000a2b7b00000,0x000000a2b7c00000)]
  0x000001c021020800 JavaThread "jar transforms Thread 78" [_thread_blocked, id=25412, stack(0x000000a2b7c00000,0x000000a2b7d00000)]
  0x000001c02101e000 JavaThread "jar transforms Thread 79" [_thread_blocked, id=29200, stack(0x000000a2b7d00000,0x000000a2b7e00000)]
  0x000001c021021000 JavaThread "jar transforms Thread 80" [_thread_blocked, id=11432, stack(0x000000a2b7e00000,0x000000a2b7f00000)]
  0x000001c02101c800 JavaThread "jar transforms Thread 81" [_thread_blocked, id=19100, stack(0x000000a2b7f00000,0x000000a2b8000000)]
  0x000001c02101b800 JavaThread "jar transforms Thread 82" [_thread_blocked, id=26244, stack(0x000000a2b8000000,0x000000a2b8100000)]
  0x000001c021022000 JavaThread "jar transforms Thread 83" [_thread_blocked, id=18764, stack(0x000000a2b8100000,0x000000a2b8200000)]
  0x000001c021581800 JavaThread "jar transforms Thread 84" [_thread_blocked, id=33372, stack(0x000000a2b8200000,0x000000a2b8300000)]
  0x000001c021584800 JavaThread "jar transforms Thread 85" [_thread_blocked, id=4028, stack(0x000000a2b8300000,0x000000a2b8400000)]
  0x000001c021585800 JavaThread "jar transforms Thread 86" [_thread_blocked, id=32296, stack(0x000000a2b8400000,0x000000a2b8500000)]
  0x000001c021584000 JavaThread "jar transforms Thread 87" [_thread_blocked, id=20080, stack(0x000000a2b8500000,0x000000a2b8600000)]
  0x000001c021580000 JavaThread "jar transforms Thread 88" [_thread_blocked, id=2256, stack(0x000000a2b8600000,0x000000a2b8700000)]
  0x000001c021586800 JavaThread "jar transforms Thread 89" [_thread_blocked, id=28108, stack(0x000000a2b8700000,0x000000a2b8800000)]
  0x000001c021582800 JavaThread "jar transforms Thread 90" [_thread_blocked, id=11704, stack(0x000000a2b8800000,0x000000a2b8900000)]
  0x000001c021580800 JavaThread "jar transforms Thread 91" [_thread_blocked, id=488, stack(0x000000a2b8900000,0x000000a2b8a00000)]
  0x000001c021589000 JavaThread "jar transforms Thread 92" [_thread_blocked, id=24936, stack(0x000000a2b8a00000,0x000000a2b8b00000)]
  0x000001c021587000 JavaThread "jar transforms Thread 93" [_thread_blocked, id=20220, stack(0x000000a2b8b00000,0x000000a2b8c00000)]
  0x000001c021588000 JavaThread "jar transforms Thread 94" [_thread_blocked, id=4356, stack(0x000000a2b8c00000,0x000000a2b8d00000)]
  0x000001c021583000 JavaThread "jar transforms Thread 95" [_thread_blocked, id=19400, stack(0x000000a2b8d00000,0x000000a2b8e00000)]
  0x000001c02158d000 JavaThread "jar transforms Thread 96" [_thread_blocked, id=9220, stack(0x000000a2b8e00000,0x000000a2b8f00000)]
  0x000001c02158d800 JavaThread "jar transforms Thread 97" [_thread_blocked, id=14800, stack(0x000000a2b8f00000,0x000000a2b9000000)]
  0x000001c02158e800 JavaThread "jar transforms Thread 98" [_thread_blocked, id=17040, stack(0x000000a2b9000000,0x000000a2b9100000)]
  0x000001c021589800 JavaThread "jar transforms Thread 99" [_thread_blocked, id=34252, stack(0x000000a2b9100000,0x000000a2b9200000)]
  0x000001c02158c000 JavaThread "jar transforms Thread 100" [_thread_blocked, id=8768, stack(0x000000a2b9200000,0x000000a2b9300000)]
  0x000001c02158a800 JavaThread "jar transforms Thread 101" [_thread_blocked, id=4160, stack(0x000000a2b9300000,0x000000a2b9400000)]
  0x000001c02158b000 JavaThread "jar transforms Thread 102" [_thread_blocked, id=14944, stack(0x000000a2b9400000,0x000000a2b9500000)]
  0x000001c020fd4000 JavaThread "jar transforms Thread 103" [_thread_blocked, id=23476, stack(0x000000a2b9500000,0x000000a2b9600000)]
  0x000001c020fd8800 JavaThread "jar transforms Thread 104" [_thread_blocked, id=31284, stack(0x000000a2b9600000,0x000000a2b9700000)]
  0x000001c020fd7800 JavaThread "jar transforms Thread 105" [_thread_blocked, id=23692, stack(0x000000a2b9700000,0x000000a2b9800000)]
  0x000001c020fd5000 JavaThread "jar transforms Thread 106" [_thread_blocked, id=3692, stack(0x000000a2b9800000,0x000000a2b9900000)]
  0x000001c020fd3800 JavaThread "jar transforms Thread 107" [_thread_blocked, id=13856, stack(0x000000a2b9900000,0x000000a2b9a00000)]
  0x000001c020fd6800 JavaThread "jar transforms Thread 108" [_thread_blocked, id=28144, stack(0x000000a2b9a00000,0x000000a2b9b00000)]
  0x000001c020fda000 JavaThread "jar transforms Thread 109" [_thread_blocked, id=20712, stack(0x000000a2b9b00000,0x000000a2b9c00000)]
  0x000001c020fd9000 JavaThread "jar transforms Thread 110" [_thread_blocked, id=30700, stack(0x000000a2b9c00000,0x000000a2b9d00000)]
  0x000001c020fda800 JavaThread "jar transforms Thread 111" [_thread_blocked, id=24708, stack(0x000000a2b9d00000,0x000000a2b9e00000)]
  0x000001c020fdb800 JavaThread "jar transforms Thread 112" [_thread_blocked, id=30100, stack(0x000000a2b9e00000,0x000000a2b9f00000)]
  0x000001c020fd6000 JavaThread "jar transforms Thread 113" [_thread_blocked, id=25012, stack(0x000000a2b9f00000,0x000000a2ba000000)]
  0x000001c020fdd000 JavaThread "jar transforms Thread 114" [_thread_blocked, id=30464, stack(0x000000a2ba000000,0x000000a2ba100000)]
  0x000001c020fe2000 JavaThread "jar transforms Thread 115" [_thread_blocked, id=21496, stack(0x000000a2ba100000,0x000000a2ba200000)]
  0x000001c020fe0800 JavaThread "jar transforms Thread 116" [_thread_blocked, id=33560, stack(0x000000a2ba200000,0x000000a2ba300000)]
  0x000001c020fdc800 JavaThread "jar transforms Thread 117" [_thread_blocked, id=9512, stack(0x000000a2ba300000,0x000000a2ba400000)]
  0x000001c020fde000 JavaThread "Memory manager" [_thread_blocked, id=23896, stack(0x000000a2ba400000,0x000000a2ba500000)]
  0x000001c020fe1000 JavaThread "jar transforms Thread 118" [_thread_blocked, id=7320, stack(0x000000a2b0f00000,0x000000a2b1000000)]
  0x000001c020fdf000 JavaThread "jar transforms Thread 119" [_thread_blocked, id=21016, stack(0x000000a2b2800000,0x000000a2b2900000)]
  0x000001c020fdf800 JavaThread "jar transforms Thread 120" [_thread_blocked, id=20148, stack(0x000000a2b3000000,0x000000a2b3100000)]
  0x000001c02142c800 JavaThread "jar transforms Thread 121" [_thread_blocked, id=9060, stack(0x000000a2b3100000,0x000000a2b3200000)]
  0x000001c021429800 JavaThread "jar transforms Thread 122" [_thread_blocked, id=10608, stack(0x000000a2b3400000,0x000000a2b3500000)]
  0x000001c021431800 JavaThread "Execution worker for ':'" [_thread_blocked, id=18708, stack(0x000000a2b3500000,0x000000a2b3600000)]
  0x000001c02142d800 JavaThread "Execution worker for ':' Thread 2" [_thread_blocked, id=33552, stack(0x000000a2b3800000,0x000000a2b3900000)]
  0x000001c021436800 JavaThread "Execution worker for ':' Thread 3" [_thread_blocked, id=8776, stack(0x000000a2b3900000,0x000000a2b3a00000)]
  0x000001c021434000 JavaThread "Execution worker for ':' Thread 4" [_thread_blocked, id=20472, stack(0x000000a2b3c00000,0x000000a2b3d00000)]
  0x000001c021435000 JavaThread "Execution worker for ':' Thread 5" [_thread_blocked, id=10884, stack(0x000000a2b3d00000,0x000000a2b3e00000)]
  0x000001c022f10000 JavaThread "Execution worker for ':' Thread 6" [_thread_blocked, id=20164, stack(0x000000a2b4000000,0x000000a2b4100000)]
  0x000001c022f0c000 JavaThread "Execution worker for ':' Thread 7" [_thread_blocked, id=20552, stack(0x000000a2b4100000,0x000000a2b4200000)]
  0x000001c022f16800 JavaThread "Cache worker for execution history cache (D:\Duke\Y3\PD\parkinsons_behavior_app\android\.gradle\6.7\executionHistory)" [_thread_blocked, id=30572, stack(0x000000a2b4400000,0x000000a2b4500000)]

Other Threads:
=>0x000001c01df6d000 VMThread "VM Thread" [stack: 0x000000a2b0000000,0x000000a2b0100000] [id=11288]
  0x000001c01e993800 WatcherThread [stack: 0x000000a2b0a00000,0x000000a2b0b00000] [id=29800]
  0x000001c004e4a000 GCTaskThread "GC Thread#0" [stack: 0x000000a2afb00000,0x000000a2afc00000] [id=26924]
  0x000001c01ea91800 GCTaskThread "GC Thread#1" [stack: 0x000000a2b0b00000,0x000000a2b0c00000] [id=18752]
  0x000001c01f2c0800 GCTaskThread "GC Thread#2" [stack: 0x000000a2b0c00000,0x000000a2b0d00000] [id=13936]
  0x000001c01fda9800 GCTaskThread "GC Thread#3" [stack: 0x000000a2b1900000,0x000000a2b1a00000] [id=344]
  0x000001c01ff3b800 GCTaskThread "GC Thread#4" [stack: 0x000000a2b1a00000,0x000000a2b1b00000] [id=28844]
  0x000001c01f8bb000 GCTaskThread "GC Thread#5" [stack: 0x000000a2b1b00000,0x000000a2b1c00000] [id=10080]
  0x000001c01eb5c800 GCTaskThread "GC Thread#6" [stack: 0x000000a2b1c00000,0x000000a2b1d00000] [id=9028]
  0x000001c01f96a000 GCTaskThread "GC Thread#7" [stack: 0x000000a2b1d00000,0x000000a2b1e00000] [id=15236]
  0x000001c004e71800 ConcurrentGCThread "G1 Main Marker" [stack: 0x000000a2afc00000,0x000000a2afd00000] [id=26448]
  0x000001c004e73000 ConcurrentGCThread "G1 Conc#0" [stack: 0x000000a2afd00000,0x000000a2afe00000] [id=12320]
  0x000001c01ee38000 ConcurrentGCThread "G1 Conc#1" [stack: 0x000000a2b2200000,0x000000a2b2300000] [id=16880]
  0x000001c004efe800 ConcurrentGCThread "G1 Refine#0" [stack: 0x000000a2afe00000,0x000000a2aff00000] [id=21748]
  0x000001c01fc19800 ConcurrentGCThread "G1 Refine#1" [stack: 0x000000a2b1e00000,0x000000a2b1f00000] [id=6632]
  0x000001c01dde0800 ConcurrentGCThread "G1 Young RemSet Sampling" [stack: 0x000000a2aff00000,0x000000a2b0000000] [id=10140]

Threads with active compile tasks:

VM state:at safepoint (normal execution)

VM Mutex/Monitor currently owned by a thread:  ([mutex/lock_event])
[0x000001c004e32010] Threads_lock - owner thread: 0x000001c01df6d000
[0x000001c004e31320] Heap_lock - owner thread: 0x000001c01fa99800

Heap address: 0x00000000a0000000, size: 1536 MB, Compressed Oops mode: 32-bit
Narrow klass base: 0x0000000000000000, Narrow klass shift: 3
Compressed class space size: 1073741824 Address: 0x0000000100000000

Heap:
 garbage-first heap   total 340992K, used 190874K [0x00000000a0000000, 0x0000000100000000)
  region size 1024K, 3 young (3072K), 3 survivors (3072K)
 Metaspace       used 86418K, capacity 92456K, committed 92672K, reserved 1128448K
  class space    used 11424K, capacity 13277K, committed 13312K, reserved 1048576K
Heap Regions: E=young(eden), S=young(survivor), O=old, HS=humongous(starts), HC=humongous(continues), CS=collection set, F=free, A=archive, TAMS=top-at-mark-start (previous, next)
|   0|0x00000000a0000000, 0x00000000a0100000, 0x00000000a0100000|100%| O|  |TAMS 0x00000000a0100000, 0x00000000a0000000| Updating 
|   1|0x00000000a0100000, 0x00000000a0200000, 0x00000000a0200000|100%| O|  |TAMS 0x00000000a0200000, 0x00000000a0100000| Updating 
|   2|0x00000000a0200000, 0x00000000a0300000, 0x00000000a0300000|100%| O|  |TAMS 0x00000000a0300000, 0x00000000a0200000| Updating 
|   3|0x00000000a0300000, 0x00000000a0400000, 0x00000000a0400000|100%|HS|  |TAMS 0x00000000a0400000, 0x00000000a0300000| Complete 
|   4|0x00000000a0400000, 0x00000000a0500000, 0x00000000a0500000|100%|HC|  |TAMS 0x00000000a0500000, 0x00000000a0400000| Complete 
|   5|0x00000000a0500000, 0x00000000a0600000, 0x00000000a0600000|100%|HC|  |TAMS 0x00000000a0600000, 0x00000000a0500000| Complete 
|   6|0x00000000a0600000, 0x00000000a0700000, 0x00000000a0700000|100%| O|  |TAMS 0x00000000a0700000, 0x00000000a0600000| Updating 
|   7|0x00000000a0700000, 0x00000000a0800000, 0x00000000a0800000|100%| O|  |TAMS 0x00000000a0800000, 0x00000000a0700000| Updating 
|   8|0x00000000a0800000, 0x00000000a0900000, 0x00000000a0900000|100%| O|  |TAMS 0x00000000a0900000, 0x00000000a0800000| Updating 
|   9|0x00000000a0900000, 0x00000000a0a00000, 0x00000000a0a00000|100%| O|  |TAMS 0x00000000a0a00000, 0x00000000a0900000| Updating 
|  10|0x00000000a0a00000, 0x00000000a0b00000, 0x00000000a0b00000|100%| O|  |TAMS 0x00000000a0b00000, 0x00000000a0a00000| Updating 
|  11|0x00000000a0b00000, 0x00000000a0c00000, 0x00000000a0c00000|100%| O|  |TAMS 0x00000000a0c00000, 0x00000000a0b00000| Updating 
|  12|0x00000000a0c00000, 0x00000000a0d00000, 0x00000000a0d00000|100%| O|  |TAMS 0x00000000a0d00000, 0x00000000a0c00000| Updating 
|  13|0x00000000a0d00000, 0x00000000a0e00000, 0x00000000a0e00000|100%| O|  |TAMS 0x00000000a0e00000, 0x00000000a0d00000| Updating 
|  14|0x00000000a0e00000, 0x00000000a0f00000, 0x00000000a0f00000|100%| O|  |TAMS 0x00000000a0f00000, 0x00000000a0e00000| Updating 
|  15|0x00000000a0f00000, 0x00000000a1000000, 0x00000000a1000000|100%| O|  |TAMS 0x00000000a1000000, 0x00000000a0f00000| Updating 
|  16|0x00000000a1000000, 0x00000000a1100000, 0x00000000a1100000|100%| O|  |TAMS 0x00000000a1100000, 0x00000000a1000000| Updating 
|  17|0x00000000a1100000, 0x00000000a1200000, 0x00000000a1200000|100%| O|  |TAMS 0x00000000a1200000, 0x00000000a1100000| Updating 
|  18|0x00000000a1200000, 0x00000000a1300000, 0x00000000a1300000|100%| O|  |TAMS 0x00000000a1300000, 0x00000000a1200000| Updating 
|  19|0x00000000a1300000, 0x00000000a1400000, 0x00000000a1400000|100%| O|  |TAMS 0x00000000a1400000, 0x00000000a1300000| Updating 
|  20|0x00000000a1400000, 0x00000000a1500000, 0x00000000a1500000|100%| O|  |TAMS 0x00000000a1500000, 0x00000000a1400000| Updating 
|  21|0x00000000a1500000, 0x00000000a1600000, 0x00000000a1600000|100%| O|  |TAMS 0x00000000a1600000, 0x00000000a1500000| Updating 
|  22|0x00000000a1600000, 0x00000000a1700000, 0x00000000a1700000|100%| O|  |TAMS 0x00000000a1700000, 0x00000000a1600000| Updating 
|  23|0x00000000a1700000, 0x00000000a1800000, 0x00000000a1800000|100%| O|  |TAMS 0x00000000a1800000, 0x00000000a1700000| Updating 
|  24|0x00000000a1800000, 0x00000000a1900000, 0x00000000a1900000|100%| O|  |TAMS 0x00000000a1900000, 0x00000000a1800000| Updating 
|  25|0x00000000a1900000, 0x00000000a1a00000, 0x00000000a1a00000|100%| O|  |TAMS 0x00000000a1a00000, 0x00000000a1900000| Updating 
|  26|0x00000000a1a00000, 0x00000000a1b00000, 0x00000000a1b00000|100%|HS|  |TAMS 0x00000000a1b00000, 0x00000000a1a00000| Complete 
|  27|0x00000000a1b00000, 0x00000000a1c00000, 0x00000000a1c00000|100%|HS|  |TAMS 0x00000000a1c00000, 0x00000000a1b00000| Complete 
|  28|0x00000000a1c00000, 0x00000000a1d00000, 0x00000000a1d00000|100%|HS|  |TAMS 0x00000000a1d00000, 0x00000000a1c00000| Complete 
|  29|0x00000000a1d00000, 0x00000000a1e00000, 0x00000000a1e00000|100%|HC|  |TAMS 0x00000000a1e00000, 0x00000000a1d00000| Complete 
|  30|0x00000000a1e00000, 0x00000000a1f00000, 0x00000000a1f00000|100%|HC|  |TAMS 0x00000000a1f00000, 0x00000000a1e00000| Complete 
|  31|0x00000000a1f00000, 0x00000000a2000000, 0x00000000a2000000|100%|HS|  |TAMS 0x00000000a2000000, 0x00000000a1f00000| Complete 
|  32|0x00000000a2000000, 0x00000000a2100000, 0x00000000a2100000|100%|HC|  |TAMS 0x00000000a2100000, 0x00000000a2000000| Complete 
|  33|0x00000000a2100000, 0x00000000a2200000, 0x00000000a2200000|100%| O|  |TAMS 0x00000000a2200000, 0x00000000a2100000| Updating 
|  34|0x00000000a2200000, 0x00000000a2300000, 0x00000000a2300000|100%| O|  |TAMS 0x00000000a2300000, 0x00000000a2200000| Updating 
|  35|0x00000000a2300000, 0x00000000a2400000, 0x00000000a2400000|100%| O|  |TAMS 0x00000000a2400000, 0x00000000a2300000| Updating 
|  36|0x00000000a2400000, 0x00000000a2500000, 0x00000000a2500000|100%| O|  |TAMS 0x00000000a2500000, 0x00000000a2400000| Updating 
|  37|0x00000000a2500000, 0x00000000a2600000, 0x00000000a2600000|100%| O|  |TAMS 0x00000000a2600000, 0x00000000a2500000| Updating 
|  38|0x00000000a2600000, 0x00000000a2700000, 0x00000000a2700000|100%| O|  |TAMS 0x00000000a2700000, 0x00000000a2600000| Updating 
|  39|0x00000000a2700000, 0x00000000a2800000, 0x00000000a2800000|100%| O|  |TAMS 0x00000000a2800000, 0x00000000a2700000| Updating 
|  40|0x00000000a2800000, 0x00000000a2900000, 0x00000000a2900000|100%| O|  |TAMS 0x00000000a2900000, 0x00000000a2800000| Updating 
|  41|0x00000000a2900000, 0x00000000a2a00000, 0x00000000a2a00000|100%| O|  |TAMS 0x00000000a2a00000, 0x00000000a2900000| Updating 
|  42|0x00000000a2a00000, 0x00000000a2b00000, 0x00000000a2b00000|100%| O|  |TAMS 0x00000000a2b00000, 0x00000000a2a00000| Updating 
|  43|0x00000000a2b00000, 0x00000000a2c00000, 0x00000000a2c00000|100%| O|  |TAMS 0x00000000a2c00000, 0x00000000a2b00000| Updating 
|  44|0x00000000a2c00000, 0x00000000a2d00000, 0x00000000a2d00000|100%| O|  |TAMS 0x00000000a2d00000, 0x00000000a2c00000| Updating 
|  45|0x00000000a2d00000, 0x00000000a2e00000, 0x00000000a2e00000|100%| O|  |TAMS 0x00000000a2e00000, 0x00000000a2d00000| Updating 
|  46|0x00000000a2e00000, 0x00000000a2f00000, 0x00000000a2f00000|100%| O|  |TAMS 0x00000000a2f00000, 0x00000000a2e00000| Updating 
|  47|0x00000000a2f00000, 0x00000000a3000000, 0x00000000a3000000|100%| O|  |TAMS 0x00000000a3000000, 0x00000000a2f00000| Updating 
|  48|0x00000000a3000000, 0x00000000a3100000, 0x00000000a3100000|100%| O|  |TAMS 0x00000000a3100000, 0x00000000a3000000| Updating 
|  49|0x00000000a3100000, 0x00000000a3200000, 0x00000000a3200000|100%| O|  |TAMS 0x00000000a3200000, 0x00000000a3100000| Updating 
|  50|0x00000000a3200000, 0x00000000a3300000, 0x00000000a3300000|100%| O|  |TAMS 0x00000000a3300000, 0x00000000a3200000| Updating 
|  51|0x00000000a3300000, 0x00000000a3400000, 0x00000000a3400000|100%| O|  |TAMS 0x00000000a3400000, 0x00000000a3300000| Updating 
|  52|0x00000000a3400000, 0x00000000a3500000, 0x00000000a3500000|100%| O|  |TAMS 0x00000000a3500000, 0x00000000a3400000| Updating 
|  53|0x00000000a3500000, 0x00000000a3600000, 0x00000000a3600000|100%| O|  |TAMS 0x00000000a3600000, 0x00000000a3500000| Updating 
|  54|0x00000000a3600000, 0x00000000a3700000, 0x00000000a3700000|100%| O|  |TAMS 0x00000000a3700000, 0x00000000a3600000| Updating 
|  55|0x00000000a3700000, 0x00000000a3800000, 0x00000000a3800000|100%| O|  |TAMS 0x00000000a3800000, 0x00000000a3700000| Updating 
|  56|0x00000000a3800000, 0x00000000a3900000, 0x00000000a3900000|100%| O|  |TAMS 0x00000000a3900000, 0x00000000a3800000| Updating 
|  57|0x00000000a3900000, 0x00000000a3a00000, 0x00000000a3a00000|100%| O|  |TAMS 0x00000000a3a00000, 0x00000000a3900000| Updating 
|  58|0x00000000a3a00000, 0x00000000a3b00000, 0x00000000a3b00000|100%| O|  |TAMS 0x00000000a3b00000, 0x00000000a3a00000| Updating 
|  59|0x00000000a3b00000, 0x00000000a3c00000, 0x00000000a3c00000|100%| O|  |TAMS 0x00000000a3c00000, 0x00000000a3b00000| Updating 
|  60|0x00000000a3c00000, 0x00000000a3d00000, 0x00000000a3d00000|100%| O|  |TAMS 0x00000000a3d00000, 0x00000000a3c00000| Updating 
|  61|0x00000000a3d00000, 0x00000000a3e00000, 0x00000000a3e00000|100%| O|  |TAMS 0x00000000a3e00000, 0x00000000a3d00000| Updating 
|  62|0x00000000a3e00000, 0x00000000a3f00000, 0x00000000a3f00000|100%| O|  |TAMS 0x00000000a3f00000, 0x00000000a3e00000| Updating 
|  63|0x00000000a3f00000, 0x00000000a4000000, 0x00000000a4000000|100%| O|  |TAMS 0x00000000a4000000, 0x00000000a3f00000| Updating 
|  64|0x00000000a4000000, 0x00000000a4100000, 0x00000000a4100000|100%| O|  |TAMS 0x00000000a4100000, 0x00000000a4000000| Updating 
|  65|0x00000000a4100000, 0x00000000a4200000, 0x00000000a4200000|100%| O|  |TAMS 0x00000000a4200000, 0x00000000a4100000| Updating 
|  66|0x00000000a4200000, 0x00000000a4300000, 0x00000000a4300000|100%| O|  |TAMS 0x00000000a4300000, 0x00000000a4200000| Updating 
|  67|0x00000000a4300000, 0x00000000a4400000, 0x00000000a4400000|100%| O|  |TAMS 0x00000000a4400000, 0x00000000a4300000| Updating 
|  68|0x00000000a4400000, 0x00000000a4500000, 0x00000000a4500000|100%|HS|  |TAMS 0x00000000a4500000, 0x00000000a4400000| Complete 
|  69|0x00000000a4500000, 0x00000000a4600000, 0x00000000a4600000|100%|HC|  |TAMS 0x00000000a4600000, 0x00000000a4500000| Complete 
|  70|0x00000000a4600000, 0x00000000a4700000, 0x00000000a4700000|100%|HC|  |TAMS 0x00000000a4700000, 0x00000000a4600000| Complete 
|  71|0x00000000a4700000, 0x00000000a4800000, 0x00000000a4800000|100%| O|  |TAMS 0x00000000a4800000, 0x00000000a4700000| Updating 
|  72|0x00000000a4800000, 0x00000000a4900000, 0x00000000a4900000|100%| O|  |TAMS 0x00000000a4900000, 0x00000000a4800000| Updating 
|  73|0x00000000a4900000, 0x00000000a4a00000, 0x00000000a4a00000|100%| O|  |TAMS 0x00000000a4a00000, 0x00000000a4900000| Updating 
|  74|0x00000000a4a00000, 0x00000000a4b00000, 0x00000000a4b00000|100%| O|  |TAMS 0x00000000a4b00000, 0x00000000a4a00000| Updating 
|  75|0x00000000a4b00000, 0x00000000a4c00000, 0x00000000a4c00000|100%| O|  |TAMS 0x00000000a4c00000, 0x00000000a4b00000| Updating 
|  76|0x00000000a4c00000, 0x00000000a4d00000, 0x00000000a4d00000|100%| O|  |TAMS 0x00000000a4d00000, 0x00000000a4c00000| Updating 
|  77|0x00000000a4d00000, 0x00000000a4e00000, 0x00000000a4e00000|100%| O|  |TAMS 0x00000000a4e00000, 0x00000000a4d00000| Updating 
|  78|0x00000000a4e00000, 0x00000000a4f00000, 0x00000000a4f00000|100%| O|  |TAMS 0x00000000a4f00000, 0x00000000a4e00000| Updating 
|  79|0x00000000a4f00000, 0x00000000a5000000, 0x00000000a5000000|100%| O|  |TAMS 0x00000000a5000000, 0x00000000a4f00000| Updating 
|  80|0x00000000a5000000, 0x00000000a5100000, 0x00000000a5100000|100%| O|  |TAMS 0x00000000a5100000, 0x00000000a5000000| Updating 
|  81|0x00000000a5100000, 0x00000000a5200000, 0x00000000a5200000|100%| O|  |TAMS 0x00000000a5200000, 0x00000000a5100000| Updating 
|  82|0x00000000a5200000, 0x00000000a5300000, 0x00000000a5300000|100%| O|  |TAMS 0x00000000a5300000, 0x00000000a5200000| Updating 
|  83|0x00000000a5300000, 0x00000000a5400000, 0x00000000a5400000|100%| O|  |TAMS 0x00000000a5400000, 0x00000000a5300000| Updating 
|  84|0x00000000a5400000, 0x00000000a5500000, 0x00000000a5500000|100%| O|  |TAMS 0x00000000a5500000, 0x00000000a5400000| Updating 
|  85|0x00000000a5500000, 0x00000000a5600000, 0x00000000a5600000|100%| O|  |TAMS 0x00000000a5600000, 0x00000000a5500000| Updating 
|  86|0x00000000a5600000, 0x00000000a5700000, 0x00000000a5700000|100%| O|  |TAMS 0x00000000a5700000, 0x00000000a5600000| Updating 
|  87|0x00000000a5700000, 0x00000000a5800000, 0x00000000a5800000|100%| O|  |TAMS 0x00000000a5800000, 0x00000000a5700000| Updating 
|  88|0x00000000a5800000, 0x00000000a5900000, 0x00000000a5900000|100%| O|  |TAMS 0x00000000a5900000, 0x00000000a5800000| Updating 
|  89|0x00000000a5900000, 0x00000000a5a00000, 0x00000000a5a00000|100%| O|  |TAMS 0x00000000a5a00000, 0x00000000a5900000| Updating 
|  90|0x00000000a5a00000, 0x00000000a5b00000, 0x00000000a5b00000|100%| O|  |TAMS 0x00000000a5b00000, 0x00000000a5a00000| Updating 
|  91|0x00000000a5b00000, 0x00000000a5c00000, 0x00000000a5c00000|100%| O|  |TAMS 0x00000000a5c00000, 0x00000000a5b00000| Updating 
|  92|0x00000000a5c00000, 0x00000000a5d00000, 0x00000000a5d00000|100%| O|  |TAMS 0x00000000a5d00000, 0x00000000a5c00000| Updating 
|  93|0x00000000a5d00000, 0x00000000a5e00000, 0x00000000a5e00000|100%| O|  |TAMS 0x00000000a5e00000, 0x00000000a5d00000| Updating 
|  94|0x00000000a5e00000, 0x00000000a5f00000, 0x00000000a5f00000|100%| O|  |TAMS 0x00000000a5f00000, 0x00000000a5e00000| Updating 
|  95|0x00000000a5f00000, 0x00000000a6000000, 0x00000000a6000000|100%| O|  |TAMS 0x00000000a6000000, 0x00000000a5f00000| Updating 
|  96|0x00000000a6000000, 0x00000000a6100000, 0x00000000a6100000|100%| O|  |TAMS 0x00000000a6100000, 0x00000000a6000000| Updating 
|  97|0x00000000a6100000, 0x00000000a6200000, 0x00000000a6200000|100%| O|  |TAMS 0x00000000a6200000, 0x00000000a6100000| Updating 
|  98|0x00000000a6200000, 0x00000000a6300000, 0x00000000a6300000|100%| O|  |TAMS 0x00000000a6300000, 0x00000000a6200000| Updating 
|  99|0x00000000a6300000, 0x00000000a6400000, 0x00000000a6400000|100%| O|  |TAMS 0x00000000a6400000, 0x00000000a6300000| Updating 
| 100|0x00000000a6400000, 0x00000000a6500000, 0x00000000a6500000|100%| O|  |TAMS 0x00000000a6500000, 0x00000000a6400000| Updating 
| 101|0x00000000a6500000, 0x00000000a6600000, 0x00000000a6600000|100%| O|  |TAMS 0x00000000a6600000, 0x00000000a6500000| Updating 
| 102|0x00000000a6600000, 0x00000000a6700000, 0x00000000a6700000|100%| O|  |TAMS 0x00000000a6700000, 0x00000000a6600000| Updating 
| 103|0x00000000a6700000, 0x00000000a6800000, 0x00000000a6800000|100%| O|  |TAMS 0x00000000a6800000, 0x00000000a6700000| Updating 
| 104|0x00000000a6800000, 0x00000000a6900000, 0x00000000a6900000|100%| O|  |TAMS 0x00000000a6900000, 0x00000000a6800000| Updating 
| 105|0x00000000a6900000, 0x00000000a6a00000, 0x00000000a6a00000|100%| O|  |TAMS 0x00000000a6a00000, 0x00000000a6900000| Updating 
| 106|0x00000000a6a00000, 0x00000000a6b00000, 0x00000000a6b00000|100%|HS|  |TAMS 0x00000000a6b00000, 0x00000000a6a00000| Complete 
| 107|0x00000000a6b00000, 0x00000000a6c00000, 0x00000000a6c00000|100%|HC|  |TAMS 0x00000000a6c00000, 0x00000000a6b00000| Complete 
| 108|0x00000000a6c00000, 0x00000000a6d00000, 0x00000000a6d00000|100%|HC|  |TAMS 0x00000000a6d00000, 0x00000000a6c00000| Complete 
| 109|0x00000000a6d00000, 0x00000000a6e00000, 0x00000000a6e00000|100%| O|  |TAMS 0x00000000a6e00000, 0x00000000a6d00000| Updating 
| 110|0x00000000a6e00000, 0x00000000a6f00000, 0x00000000a6f00000|100%| O|  |TAMS 0x00000000a6f00000, 0x00000000a6e00000| Updating 
| 111|0x00000000a6f00000, 0x00000000a7000000, 0x00000000a7000000|100%|HS|  |TAMS 0x00000000a7000000, 0x00000000a6f00000| Complete 
| 112|0x00000000a7000000, 0x00000000a7100000, 0x00000000a7100000|100%|HC|  |TAMS 0x00000000a7100000, 0x00000000a7000000| Complete 
| 113|0x00000000a7100000, 0x00000000a7200000, 0x00000000a7200000|100%|HC|  |TAMS 0x00000000a7200000, 0x00000000a7100000| Complete 
| 114|0x00000000a7200000, 0x00000000a7300000, 0x00000000a7300000|100%| O|  |TAMS 0x00000000a7300000, 0x00000000a7200000| Updating 
| 115|0x00000000a7300000, 0x00000000a7400000, 0x00000000a7400000|100%| O|  |TAMS 0x00000000a7400000, 0x00000000a7300000| Updating 
| 116|0x00000000a7400000, 0x00000000a7500000, 0x00000000a7500000|100%| O|  |TAMS 0x00000000a7500000, 0x00000000a7400000| Updating 
| 117|0x00000000a7500000, 0x00000000a7600000, 0x00000000a7600000|100%| O|  |TAMS 0x00000000a7600000, 0x00000000a7500000| Updating 
| 118|0x00000000a7600000, 0x00000000a7700000, 0x00000000a7700000|100%| O|  |TAMS 0x00000000a7700000, 0x00000000a7600000| Updating 
| 119|0x00000000a7700000, 0x00000000a7800000, 0x00000000a7800000|100%| O|  |TAMS 0x00000000a7800000, 0x00000000a7700000| Updating 
| 120|0x00000000a7800000, 0x00000000a7900000, 0x00000000a7900000|100%| O|  |TAMS 0x00000000a7900000, 0x00000000a7800000| Updating 
| 121|0x00000000a7900000, 0x00000000a7a00000, 0x00000000a7a00000|100%|HS|  |TAMS 0x00000000a7a00000, 0x00000000a7900000| Complete 
| 122|0x00000000a7a00000, 0x00000000a7b00000, 0x00000000a7b00000|100%|HC|  |TAMS 0x00000000a7b00000, 0x00000000a7a00000| Complete 
| 123|0x00000000a7b00000, 0x00000000a7c00000, 0x00000000a7c00000|100%|HC|  |TAMS 0x00000000a7c00000, 0x00000000a7b00000| Complete 
| 124|0x00000000a7c00000, 0x00000000a7d00000, 0x00000000a7d00000|100%| O|  |TAMS 0x00000000a7d00000, 0x00000000a7c00000| Updating 
| 125|0x00000000a7d00000, 0x00000000a7e00000, 0x00000000a7e00000|100%| O|  |TAMS 0x00000000a7e00000, 0x00000000a7d00000| Updating 
| 126|0x00000000a7e00000, 0x00000000a7f00000, 0x00000000a7f00000|100%| O|  |TAMS 0x00000000a7f00000, 0x00000000a7e00000| Updating 
| 127|0x00000000a7f00000, 0x00000000a8000000, 0x00000000a8000000|100%| O|  |TAMS 0x00000000a8000000, 0x00000000a7f00000| Updating 
| 128|0x00000000a8000000, 0x00000000a8100000, 0x00000000a8100000|100%| O|  |TAMS 0x00000000a8100000, 0x00000000a8000000| Updating 
| 129|0x00000000a8100000, 0x00000000a8200000, 0x00000000a8200000|100%| O|  |TAMS 0x00000000a8200000, 0x00000000a8100000| Updating 
| 130|0x00000000a8200000, 0x00000000a8300000, 0x00000000a8300000|100%| O|  |TAMS 0x00000000a8300000, 0x00000000a8200000| Updating 
| 131|0x00000000a8300000, 0x00000000a8400000, 0x00000000a8400000|100%| O|  |TAMS 0x00000000a8400000, 0x00000000a8300000| Updating 
| 132|0x00000000a8400000, 0x00000000a8500000, 0x00000000a8500000|100%| O|  |TAMS 0x00000000a8500000, 0x00000000a8400000| Updating 
| 133|0x00000000a8500000, 0x00000000a8600000, 0x00000000a8600000|100%| O|  |TAMS 0x00000000a8600000, 0x00000000a8500000| Updating 
| 134|0x00000000a8600000, 0x00000000a8700000, 0x00000000a8700000|100%| O|  |TAMS 0x00000000a8700000, 0x00000000a8600000| Updating 
| 135|0x00000000a8700000, 0x00000000a8800000, 0x00000000a8800000|100%| O|  |TAMS 0x00000000a8800000, 0x00000000a8700000| Updating 
| 136|0x00000000a8800000, 0x00000000a8900000, 0x00000000a8900000|100%| O|  |TAMS 0x00000000a8900000, 0x00000000a8800000| Updating 
| 137|0x00000000a8900000, 0x00000000a8a00000, 0x00000000a8a00000|100%| O|  |TAMS 0x00000000a8a00000, 0x00000000a8900000| Updating 
| 138|0x00000000a8a00000, 0x00000000a8b00000, 0x00000000a8b00000|100%| O|  |TAMS 0x00000000a8b00000, 0x00000000a8a00000| Updating 
| 139|0x00000000a8b00000, 0x00000000a8c00000, 0x00000000a8c00000|100%| O|  |TAMS 0x00000000a8c00000, 0x00000000a8b00000| Updating 
| 140|0x00000000a8c00000, 0x00000000a8d00000, 0x00000000a8d00000|100%|HS|  |TAMS 0x00000000a8d00000, 0x00000000a8c00000| Complete 
| 141|0x00000000a8d00000, 0x00000000a8e00000, 0x00000000a8e00000|100%|HC|  |TAMS 0x00000000a8e00000, 0x00000000a8d00000| Complete 
| 142|0x00000000a8e00000, 0x00000000a8f00000, 0x00000000a8f00000|100%|HC|  |TAMS 0x00000000a8f00000, 0x00000000a8e00000| Complete 
| 143|0x00000000a8f00000, 0x00000000a9000000, 0x00000000a9000000|100%| O|  |TAMS 0x00000000a9000000, 0x00000000a8f00000| Updating 
| 144|0x00000000a9000000, 0x00000000a9100000, 0x00000000a9100000|100%| O|  |TAMS 0x00000000a9100000, 0x00000000a9000000| Updating 
| 145|0x00000000a9100000, 0x00000000a9200000, 0x00000000a9200000|100%| O|  |TAMS 0x00000000a9200000, 0x00000000a9100000| Updating 
| 146|0x00000000a9200000, 0x00000000a9300000, 0x00000000a9300000|100%| O|  |TAMS 0x00000000a9300000, 0x00000000a9200000| Updating 
| 147|0x00000000a9300000, 0x00000000a9400000, 0x00000000a9400000|100%| O|  |TAMS 0x00000000a9400000, 0x00000000a9300000| Updating 
| 148|0x00000000a9400000, 0x00000000a9500000, 0x00000000a9500000|100%| O|  |TAMS 0x00000000a9500000, 0x00000000a9400000| Updating 
| 149|0x00000000a9500000, 0x00000000a9600000, 0x00000000a9600000|100%| O|  |TAMS 0x00000000a9600000, 0x00000000a9500000| Updating 
| 150|0x00000000a9600000, 0x00000000a9700000, 0x00000000a9700000|100%| O|  |TAMS 0x00000000a9700000, 0x00000000a9600000| Updating 
| 151|0x00000000a9700000, 0x00000000a9800000, 0x00000000a9800000|100%| O|  |TAMS 0x00000000a9800000, 0x00000000a9700000| Updating 
| 152|0x00000000a9800000, 0x00000000a9900000, 0x00000000a9900000|100%| O|  |TAMS 0x00000000a9900000, 0x00000000a9800000| Updating 
| 153|0x00000000a9900000, 0x00000000a9a00000, 0x00000000a9a00000|100%| O|  |TAMS 0x00000000a9a00000, 0x00000000a9900000| Updating 
| 154|0x00000000a9a00000, 0x00000000a9b00000, 0x00000000a9b00000|100%| O|  |TAMS 0x00000000a9b00000, 0x00000000a9a00000| Updating 
| 155|0x00000000a9b00000, 0x00000000a9c00000, 0x00000000a9c00000|100%| O|  |TAMS 0x00000000a9c00000, 0x00000000a9b00000| Updating 
| 156|0x00000000a9c00000, 0x00000000a9d00000, 0x00000000a9d00000|100%| O|  |TAMS 0x00000000a9d00000, 0x00000000a9c00000| Updating 
| 157|0x00000000a9d00000, 0x00000000a9e00000, 0x00000000a9e00000|100%| O|  |TAMS 0x00000000a9e00000, 0x00000000a9d00000| Updating 
| 158|0x00000000a9e00000, 0x00000000a9f00000, 0x00000000a9f00000|100%| O|  |TAMS 0x00000000a9f00000, 0x00000000a9e00000| Updating 
| 159|0x00000000a9f00000, 0x00000000aa000000, 0x00000000aa000000|100%| O|  |TAMS 0x00000000aa000000, 0x00000000a9f00000| Updating 
| 160|0x00000000aa000000, 0x00000000aa100000, 0x00000000aa100000|100%| O|  |TAMS 0x00000000aa100000, 0x00000000aa000000| Updating 
| 161|0x00000000aa100000, 0x00000000aa200000, 0x00000000aa200000|100%| O|  |TAMS 0x00000000aa200000, 0x00000000aa100000| Updating 
| 162|0x00000000aa200000, 0x00000000aa300000, 0x00000000aa300000|100%| O|  |TAMS 0x00000000aa300000, 0x00000000aa200000| Updating 
| 163|0x00000000aa300000, 0x00000000aa400000, 0x00000000aa400000|100%| O|  |TAMS 0x00000000aa400000, 0x00000000aa300000| Updating 
| 164|0x00000000aa400000, 0x00000000aa500000, 0x00000000aa500000|100%| O|  |TAMS 0x00000000aa500000, 0x00000000aa400000| Updating 
| 165|0x00000000aa500000, 0x00000000aa600000, 0x00000000aa600000|100%| O|  |TAMS 0x00000000aa600000, 0x00000000aa500000| Updating 
| 166|0x00000000aa600000, 0x00000000aa700000, 0x00000000aa700000|100%| O|  |TAMS 0x00000000aa700000, 0x00000000aa600000| Updating 
| 167|0x00000000aa700000, 0x00000000aa800000, 0x00000000aa800000|100%| O|  |TAMS 0x00000000aa800000, 0x00000000aa700000| Updating 
| 168|0x00000000aa800000, 0x00000000aa900000, 0x00000000aa900000|100%| O|  |TAMS 0x00000000aa900000, 0x00000000aa800000| Updating 
| 169|0x00000000aa900000, 0x00000000aaa00000, 0x00000000aaa00000|100%| O|  |TAMS 0x00000000aaa00000, 0x00000000aa900000| Updating 
| 170|0x00000000aaa00000, 0x00000000aab00000, 0x00000000aab00000|100%| O|  |TAMS 0x00000000aab00000, 0x00000000aaa00000| Updating 
| 171|0x00000000aab00000, 0x00000000aac00000, 0x00000000aac00000|100%| O|  |TAMS 0x00000000aac00000, 0x00000000aab00000| Updating 
| 172|0x00000000aac00000, 0x00000000aad00000, 0x00000000aad00000|100%| O|  |TAMS 0x00000000aad00000, 0x00000000aac00000| Updating 
| 173|0x00000000aad00000, 0x00000000aae00000, 0x00000000aae00000|100%| O|  |TAMS 0x00000000aae00000, 0x00000000aad00000| Updating 
| 174|0x00000000aae00000, 0x00000000aaf00000, 0x00000000aaf00000|100%| O|  |TAMS 0x00000000aaf00000, 0x00000000aae00000| Updating 
| 175|0x00000000aaf00000, 0x00000000ab000000, 0x00000000ab000000|100%| O|  |TAMS 0x00000000ab000000, 0x00000000aaf00000| Updating 
| 176|0x00000000ab000000, 0x00000000ab100000, 0x00000000ab100000|100%| O|  |TAMS 0x00000000ab100000, 0x00000000ab000000| Updating 
| 177|0x00000000ab100000, 0x00000000ab200000, 0x00000000ab200000|100%| O|  |TAMS 0x00000000ab200000, 0x00000000ab100000| Updating 
| 178|0x00000000ab200000, 0x00000000ab300000, 0x00000000ab300000|100%| O|  |TAMS 0x00000000ab300000, 0x00000000ab200000| Updating 
| 179|0x00000000ab300000, 0x00000000ab400000, 0x00000000ab400000|100%| O|  |TAMS 0x00000000ab400000, 0x00000000ab300000| Updating 
| 180|0x00000000ab400000, 0x00000000ab500000, 0x00000000ab500000|100%| O|  |TAMS 0x00000000ab500000, 0x00000000ab400000| Updating 
| 181|0x00000000ab500000, 0x00000000ab600000, 0x00000000ab600000|100%| O|  |TAMS 0x00000000ab5c2600, 0x00000000ab500000| Updating 
| 182|0x00000000ab600000, 0x00000000ab700000, 0x00000000ab700000|100%| O|  |TAMS 0x00000000ab600000, 0x00000000ab600000| Untracked 
| 183|0x00000000ab700000, 0x00000000ab7b3c00, 0x00000000ab800000| 70%| O|  |TAMS 0x00000000ab700000, 0x00000000ab700000| Untracked 
| 184|0x00000000ab800000, 0x00000000ab800000, 0x00000000ab900000|  0%| F|  |TAMS 0x00000000ab800000, 0x00000000ab800000| Untracked 
| 185|0x00000000ab900000, 0x00000000ab900000, 0x00000000aba00000|  0%| F|  |TAMS 0x00000000ab900000, 0x00000000ab900000| Untracked 
| 186|0x00000000aba00000, 0x00000000aba00000, 0x00000000abb00000|  0%| F|  |TAMS 0x00000000aba00000, 0x00000000aba00000| Untracked 
| 187|0x00000000abb00000, 0x00000000abb00000, 0x00000000abc00000|  0%| F|  |TAMS 0x00000000abb00000, 0x00000000abb00000| Untracked 
| 188|0x00000000abc00000, 0x00000000abc00000, 0x00000000abd00000|  0%| F|  |TAMS 0x00000000abc00000, 0x00000000abc00000| Untracked 
| 189|0x00000000abd00000, 0x00000000abd00000, 0x00000000abe00000|  0%| F|  |TAMS 0x00000000abd00000, 0x00000000abd00000| Untracked 
| 190|0x00000000abe00000, 0x00000000abe00000, 0x00000000abf00000|  0%| F|  |TAMS 0x00000000abe00000, 0x00000000abe00000| Untracked 
| 191|0x00000000abf00000, 0x00000000abf00000, 0x00000000ac000000|  0%| F|  |TAMS 0x00000000abf00000, 0x00000000abf00000| Untracked 
| 192|0x00000000ac000000, 0x00000000ac000000, 0x00000000ac100000|  0%| F|  |TAMS 0x00000000ac000000, 0x00000000ac000000| Untracked 
| 193|0x00000000ac100000, 0x00000000ac100000, 0x00000000ac200000|  0%| F|  |TAMS 0x00000000ac100000, 0x00000000ac100000| Untracked 
| 194|0x00000000ac200000, 0x00000000ac200000, 0x00000000ac300000|  0%| F|  |TAMS 0x00000000ac200000, 0x00000000ac200000| Untracked 
| 195|0x00000000ac300000, 0x00000000ac300000, 0x00000000ac400000|  0%| F|  |TAMS 0x00000000ac300000, 0x00000000ac300000| Untracked 
| 196|0x00000000ac400000, 0x00000000ac400000, 0x00000000ac500000|  0%| F|  |TAMS 0x00000000ac400000, 0x00000000ac400000| Untracked 
| 197|0x00000000ac500000, 0x00000000ac500000, 0x00000000ac600000|  0%| F|  |TAMS 0x00000000ac500000, 0x00000000ac500000| Untracked 
| 198|0x00000000ac600000, 0x00000000ac600000, 0x00000000ac700000|  0%| F|  |TAMS 0x00000000ac600000, 0x00000000ac600000| Untracked 
| 199|0x00000000ac700000, 0x00000000ac700000, 0x00000000ac800000|  0%| F|  |TAMS 0x00000000ac700000, 0x00000000ac700000| Untracked 
| 200|0x00000000ac800000, 0x00000000ac800000, 0x00000000ac900000|  0%| F|  |TAMS 0x00000000ac800000, 0x00000000ac800000| Untracked 
| 201|0x00000000ac900000, 0x00000000ac900000, 0x00000000aca00000|  0%| F|  |TAMS 0x00000000ac900000, 0x00000000ac900000| Untracked 
| 202|0x00000000aca00000, 0x00000000aca00000, 0x00000000acb00000|  0%| F|  |TAMS 0x00000000aca00000, 0x00000000aca00000| Untracked 
| 203|0x00000000acb00000, 0x00000000acb00000, 0x00000000acc00000|  0%| F|  |TAMS 0x00000000acb00000, 0x00000000acb00000| Untracked 
| 204|0x00000000acc00000, 0x00000000acc00000, 0x00000000acd00000|  0%| F|  |TAMS 0x00000000acc00000, 0x00000000acc00000| Untracked 
| 205|0x00000000acd00000, 0x00000000acd00000, 0x00000000ace00000|  0%| F|  |TAMS 0x00000000acd00000, 0x00000000acd00000| Untracked 
| 206|0x00000000ace00000, 0x00000000ace00000, 0x00000000acf00000|  0%| F|  |TAMS 0x00000000ace00000, 0x00000000ace00000| Untracked 
| 207|0x00000000acf00000, 0x00000000acf00000, 0x00000000ad000000|  0%| F|  |TAMS 0x00000000acf00000, 0x00000000acf00000| Untracked 
| 208|0x00000000ad000000, 0x00000000ad000000, 0x00000000ad100000|  0%| F|  |TAMS 0x00000000ad000000, 0x00000000ad000000| Untracked 
| 209|0x00000000ad100000, 0x00000000ad100000, 0x00000000ad200000|  0%| F|  |TAMS 0x00000000ad100000, 0x00000000ad100000| Untracked 
| 210|0x00000000ad200000, 0x00000000ad200000, 0x00000000ad300000|  0%| F|  |TAMS 0x00000000ad200000, 0x00000000ad200000| Untracked 
| 211|0x00000000ad300000, 0x00000000ad300000, 0x00000000ad400000|  0%| F|  |TAMS 0x00000000ad300000, 0x00000000ad300000| Untracked 
| 212|0x00000000ad400000, 0x00000000ad400000, 0x00000000ad500000|  0%| F|  |TAMS 0x00000000ad400000, 0x00000000ad400000| Untracked 
| 213|0x00000000ad500000, 0x00000000ad500000, 0x00000000ad600000|  0%| F|  |TAMS 0x00000000ad500000, 0x00000000ad500000| Untracked 
| 214|0x00000000ad600000, 0x00000000ad600000, 0x00000000ad700000|  0%| F|  |TAMS 0x00000000ad600000, 0x00000000ad600000| Untracked 
| 215|0x00000000ad700000, 0x00000000ad700000, 0x00000000ad800000|  0%| F|  |TAMS 0x00000000ad700000, 0x00000000ad700000| Untracked 
| 216|0x00000000ad800000, 0x00000000ad800000, 0x00000000ad900000|  0%| F|  |TAMS 0x00000000ad800000, 0x00000000ad800000| Untracked 
| 217|0x00000000ad900000, 0x00000000ad900000, 0x00000000ada00000|  0%| F|  |TAMS 0x00000000ad900000, 0x00000000ad900000| Untracked 
| 218|0x00000000ada00000, 0x00000000ada00000, 0x00000000adb00000|  0%| F|  |TAMS 0x00000000ada00000, 0x00000000ada00000| Untracked 
| 219|0x00000000adb00000, 0x00000000adbb2f70, 0x00000000adc00000| 69%| S|CS|TAMS 0x00000000adb00000, 0x00000000adb00000| Complete 
| 220|0x00000000adc00000, 0x00000000adc00000, 0x00000000add00000|  0%| F|  |TAMS 0x00000000adc00000, 0x00000000adc00000| Untracked 
| 221|0x00000000add00000, 0x00000000add00000, 0x00000000ade00000|  0%| F|  |TAMS 0x00000000add00000, 0x00000000add00000| Untracked 
| 222|0x00000000ade00000, 0x00000000adf00000, 0x00000000adf00000|100%| S|CS|TAMS 0x00000000ade00000, 0x00000000ade00000| Complete 
| 223|0x00000000adf00000, 0x00000000adf00000, 0x00000000ae000000|  0%| F|  |TAMS 0x00000000adf00000, 0x00000000adf00000| Untracked 
| 224|0x00000000ae000000, 0x00000000ae100000, 0x00000000ae100000|100%| S|CS|TAMS 0x00000000ae000000, 0x00000000ae000000| Complete 
| 225|0x00000000ae100000, 0x00000000ae100000, 0x00000000ae200000|  0%| F|  |TAMS 0x00000000ae100000, 0x00000000ae100000| Untracked 
| 226|0x00000000ae200000, 0x00000000ae200000, 0x00000000ae300000|  0%| F|  |TAMS 0x00000000ae200000, 0x00000000ae200000| Untracked 
| 227|0x00000000ae300000, 0x00000000ae300000, 0x00000000ae400000|  0%| F|  |TAMS 0x00000000ae300000, 0x00000000ae300000| Untracked 
| 228|0x00000000ae400000, 0x00000000ae400000, 0x00000000ae500000|  0%| F|  |TAMS 0x00000000ae400000, 0x00000000ae400000| Untracked 
| 229|0x00000000ae500000, 0x00000000ae500000, 0x00000000ae600000|  0%| F|  |TAMS 0x00000000ae500000, 0x00000000ae500000| Untracked 
| 230|0x00000000ae600000, 0x00000000ae600000, 0x00000000ae700000|  0%| F|  |TAMS 0x00000000ae600000, 0x00000000ae600000| Untracked 
| 231|0x00000000ae700000, 0x00000000ae700000, 0x00000000ae800000|  0%| F|  |TAMS 0x00000000ae700000, 0x00000000ae700000| Untracked 
| 232|0x00000000ae800000, 0x00000000ae800000, 0x00000000ae900000|  0%| F|  |TAMS 0x00000000ae800000, 0x00000000ae800000| Untracked 
| 233|0x00000000ae900000, 0x00000000ae900000, 0x00000000aea00000|  0%| F|  |TAMS 0x00000000ae900000, 0x00000000ae900000| Untracked 
| 234|0x00000000aea00000, 0x00000000aea00000, 0x00000000aeb00000|  0%| F|  |TAMS 0x00000000aea00000, 0x00000000aea00000| Untracked 
| 235|0x00000000aeb00000, 0x00000000aeb00000, 0x00000000aec00000|  0%| F|  |TAMS 0x00000000aeb00000, 0x00000000aeb00000| Untracked 
| 236|0x00000000aec00000, 0x00000000aec00000, 0x00000000aed00000|  0%| F|  |TAMS 0x00000000aec00000, 0x00000000aec00000| Untracked 
| 237|0x00000000aed00000, 0x00000000aed00000, 0x00000000aee00000|  0%| F|  |TAMS 0x00000000aed00000, 0x00000000aed00000| Untracked 
| 238|0x00000000aee00000, 0x00000000aee00000, 0x00000000aef00000|  0%| F|  |TAMS 0x00000000aee00000, 0x00000000aee00000| Untracked 
| 239|0x00000000aef00000, 0x00000000aef00000, 0x00000000af000000|  0%| F|  |TAMS 0x00000000aef00000, 0x00000000aef00000| Untracked 

Card table byte_map: [0x000001c017f50000,0x000001c018250000] _byte_map_base: 0x000001c017a50000

Marking Bits (Prev, Next): (CMBitMap*) 0x000001c004e6a988, (CMBitMap*) 0x000001c004e6a9c0
 Prev Bits: [0x000001c018550000, 0x000001c019d50000)
 Next Bits: [0x000001c019d50000, 0x000001c01b550000)

Polling page: 0x000001c002dc0000

Metaspace:

Usage:
  Non-class:     77.32 MB capacity,    73.24 MB ( 95%) used,     3.81 MB (  5%) free+waste,   284.25 KB ( <1%) overhead. 
      Class:     12.97 MB capacity,    11.16 MB ( 86%) used,     1.67 MB ( 13%) free+waste,   139.13 KB (  1%) overhead. 
       Both:     90.29 MB capacity,    84.39 MB ( 93%) used,     5.48 MB (  6%) free+waste,   423.38 KB ( <1%) overhead. 

Virtual space:
  Non-class space:       78.00 MB reserved,      77.50 MB (>99%) committed 
      Class space:        1.00 GB reserved,      13.00 MB (  1%) committed 
             Both:        1.08 GB reserved,      90.50 MB (  8%) committed 

Chunk freelists:
   Non-Class:  53.00 KB
       Class:  3.00 KB
        Both:  56.00 KB

MaxMetaspaceSize: 17179869184.00 GB
CompressedClassSpaceSize: 1.00 GB

CodeHeap 'non-profiled nmethods': size=120000Kb used=7147Kb max_used=7147Kb free=112852Kb
 bounds [0x000001c0103f0000, 0x000001c010af0000, 0x000001c017920000]
CodeHeap 'profiled nmethods': size=120000Kb used=25777Kb max_used=25777Kb free=94222Kb
 bounds [0x000001c008ec0000, 0x000001c00a7f0000, 0x000001c0103f0000]
CodeHeap 'non-nmethods': size=5760Kb used=2262Kb max_used=2310Kb free=3497Kb
 bounds [0x000001c008920000, 0x000001c008b90000, 0x000001c008ec0000]
 total_blobs=13224 nmethods=12367 adapters=767
 compilation: enabled
              stopped_count=0, restarted_count=0
 full_count=0

Compilation events (20 events):
Event: 194.747 Thread 0x000001c01dfba000 nmethod 12835 0x000001c00a7e6f10 code [0x000001c00a7e70c0, 0x000001c00a7e71d8]
Event: 194.747 Thread 0x000001c01dfba000 12836       3       com.google.common.cache.LocalCache$Segment::postReadCleanup (18 bytes)
Event: 194.748 Thread 0x000001c01dfba000 nmethod 12836 0x000001c00a7e7290 code [0x000001c00a7e74a0, 0x000001c00a7e7ac8]
Event: 194.776 Thread 0x000001c01dfba000 12837   !   3       com.google.common.cache.LocalCache$Segment::get (210 bytes)
Event: 194.782 Thread 0x000001c01dfba000 nmethod 12837 0x000001c00a7e7d10 code [0x000001c00a7e8260, 0x000001c00a7ead08]
Event: 194.831 Thread 0x000001c01dfb9000 nmethod 12829 0x000001c010ae4390 code [0x000001c010ae46e0, 0x000001c010ae6d20]
Event: 194.831 Thread 0x000001c01dfb9000 12832  s    4       java.io.BufferedInputStream::read (113 bytes)
Event: 194.849 Thread 0x000001c01dfba000 12839       3       com.google.common.collect.ImmutableMap::<init> (5 bytes)
Event: 194.849 Thread 0x000001c01dfba000 nmethod 12839 0x000001c00a7ec210 code [0x000001c00a7ec3c0, 0x000001c00a7ec518]
Event: 194.849 Thread 0x000001c01dfb9000 nmethod 12832 0x000001c010ae8190 code [0x000001c010ae8380, 0x000001c010ae8f30]
Event: 194.849 Thread 0x000001c01dfb9000 12838       4       org.gradle.internal.operations.BuildOperationDescriptor::<init> (50 bytes)
Event: 194.860 Thread 0x000001c01dfb9000 nmethod 12838 0x000001c010ae9510 code [0x000001c010ae96a0, 0x000001c010ae9c98]
Event: 194.860 Thread 0x000001c01dfb9000 12827       4       com.google.common.collect.SingletonImmutableSet::iterator (5 bytes)
Event: 194.861 Thread 0x000001c01dfb9000 nmethod 12827 0x000001c010ae9d10 code [0x000001c010ae9ea0, 0x000001c010ae9f78]
Event: 194.861 Thread 0x000001c01dfb9000 12831       4       java.util.concurrent.locks.ReentrantLock$FairSync::tryAcquire (74 bytes)
Event: 194.866 Thread 0x000001c01dfb9000 nmethod 12831 0x000001c010aea290 code [0x000001c010aea420, 0x000001c010aea638]
Event: 194.866 Thread 0x000001c01dfb9000 12826       4       com.google.common.collect.Iterators$9::hasNext (13 bytes)
Event: 194.866 Thread 0x000001c01dfb9000 nmethod 12826 0x000001c010aea790 code [0x000001c010aea920, 0x000001c010aea998]
Event: 194.876 Thread 0x000001c01dfb9000 12841       4       com.google.common.collect.ImmutableSet::<init> (5 bytes)
Event: 194.877 Thread 0x000001c01dfb9000 nmethod 12841 0x000001c010aeac10 code [0x000001c010aeada0, 0x000001c010aeadf8]

GC Heap History (20 events):
Event: 191.407 GC heap after
{Heap after GC invocations=89 (full 0):
 garbage-first heap   total 204800K, used 160982K [0x00000000a0000000, 0x0000000100000000)
  region size 1024K, 1 young (1024K), 1 survivors (1024K)
 Metaspace       used 82217K, capacity 87924K, committed 88064K, reserved 1124352K
  class space    used 10834K, capacity 12531K, committed 12544K, reserved 1048576K
}
Event: 191.776 GC heap before
{Heap before GC invocations=90 (full 0):
 garbage-first heap   total 204800K, used 172246K [0x00000000a0000000, 0x0000000100000000)
  region size 1024K, 12 young (12288K), 1 survivors (1024K)
 Metaspace       used 83310K, capacity 88994K, committed 89088K, reserved 1126400K
  class space    used 10969K, capacity 12707K, committed 12800K, reserved 1048576K
}
Event: 191.780 GC heap after
{Heap after GC invocations=91 (full 0):
 garbage-first heap   total 204800K, used 161990K [0x00000000a0000000, 0x0000000100000000)
  region size 1024K, 2 young (2048K), 2 survivors (2048K)
 Metaspace       used 83310K, capacity 88994K, committed 89088K, reserved 1126400K
  class space    used 10969K, capacity 12707K, committed 12800K, reserved 1048576K
}
Event: 192.069 GC heap before
{Heap before GC invocations=91 (full 0):
 garbage-first heap   total 204800K, used 173254K [0x00000000a0000000, 0x0000000100000000)
  region size 1024K, 13 young (13312K), 2 survivors (2048K)
 Metaspace       used 83678K, capacity 89408K, committed 89600K, reserved 1126400K
  class space    used 11010K, capacity 12774K, committed 12800K, reserved 1048576K
}
Event: 192.076 GC heap after
{Heap after GC invocations=92 (full 0):
 garbage-first heap   total 204800K, used 164032K [0x00000000a0000000, 0x0000000100000000)
  region size 1024K, 2 young (2048K), 2 survivors (2048K)
 Metaspace       used 83678K, capacity 89408K, committed 89600K, reserved 1126400K
  class space    used 11010K, capacity 12774K, committed 12800K, reserved 1048576K
}
Event: 192.363 GC heap before
{Heap before GC invocations=92 (full 0):
 garbage-first heap   total 204800K, used 173248K [0x00000000a0000000, 0x0000000100000000)
  region size 1024K, 12 young (12288K), 2 survivors (2048K)
 Metaspace       used 83803K, capacity 89572K, committed 89600K, reserved 1126400K
  class space    used 11021K, capacity 12793K, committed 12800K, reserved 1048576K
}
Event: 192.373 GC heap after
{Heap after GC invocations=93 (full 0):
 garbage-first heap   total 204800K, used 167547K [0x00000000a0000000, 0x0000000100000000)
  region size 1024K, 2 young (2048K), 2 survivors (2048K)
 Metaspace       used 83803K, capacity 89572K, committed 89600K, reserved 1126400K
  class space    used 11021K, capacity 12793K, committed 12800K, reserved 1048576K
}
Event: 192.625 GC heap before
{Heap before GC invocations=93 (full 0):
 garbage-first heap   total 204800K, used 176763K [0x00000000a0000000, 0x0000000100000000)
  region size 1024K, 11 young (11264K), 2 survivors (2048K)
 Metaspace       used 84106K, capacity 89936K, committed 90240K, reserved 1126400K
  class space    used 11059K, capacity 12826K, committed 12928K, reserved 1048576K
}
Event: 192.634 GC heap after
{Heap after GC invocations=94 (full 0):
 garbage-first heap   total 204800K, used 169862K [0x00000000a0000000, 0x0000000100000000)
  region size 1024K, 2 young (2048K), 2 survivors (2048K)
 Metaspace       used 84106K, capacity 89936K, committed 90240K, reserved 1126400K
  class space    used 11059K, capacity 12826K, committed 12928K, reserved 1048576K
}
Event: 192.782 GC heap before
{Heap before GC invocations=95 (full 0):
 garbage-first heap   total 204800K, used 178054K [0x00000000a0000000, 0x0000000100000000)
  region size 1024K, 10 young (10240K), 2 survivors (2048K)
 Metaspace       used 84221K, capacity 90014K, committed 90240K, reserved 1126400K
  class space    used 11072K, capacity 12831K, committed 12928K, reserved 1048576K
}
Event: 192.790 GC heap after
{Heap after GC invocations=96 (full 0):
 garbage-first heap   total 204800K, used 172143K [0x00000000a0000000, 0x0000000100000000)
  region size 1024K, 2 young (2048K), 2 survivors (2048K)
 Metaspace       used 84221K, capacity 90014K, committed 90240K, reserved 1126400K
  class space    used 11072K, capacity 12831K, committed 12928K, reserved 1048576K
}
Event: 192.920 GC heap before
{Heap before GC invocations=96 (full 0):
 garbage-first heap   total 204800K, used 180335K [0x00000000a0000000, 0x0000000100000000)
  region size 1024K, 10 young (10240K), 2 survivors (2048K)
 Metaspace       used 84263K, capacity 90029K, committed 90240K, reserved 1126400K
  class space    used 11074K, capacity 12834K, committed 12928K, reserved 1048576K
}
Event: 192.931 GC heap after
{Heap after GC invocations=97 (full 0):
 garbage-first heap   total 245760K, used 175057K [0x00000000a0000000, 0x0000000100000000)
  region size 1024K, 2 young (2048K), 2 survivors (2048K)
 Metaspace       used 84263K, capacity 90029K, committed 90240K, reserved 1126400K
  class space    used 11074K, capacity 12834K, committed 12928K, reserved 1048576K
}
Event: 193.432 GC heap before
{Heap before GC invocations=97 (full 0):
 garbage-first heap   total 245760K, used 193489K [0x00000000a0000000, 0x0000000100000000)
  region size 1024K, 20 young (20480K), 2 survivors (2048K)
 Metaspace       used 84412K, capacity 90185K, committed 90240K, reserved 1126400K
  class space    used 11100K, capacity 12882K, committed 12928K, reserved 1048576K
}
Event: 193.449 GC heap after
{Heap after GC invocations=98 (full 0):
 garbage-first heap   total 245760K, used 180593K [0x00000000a0000000, 0x0000000100000000)
  region size 1024K, 3 young (3072K), 3 survivors (3072K)
 Metaspace       used 84412K, capacity 90185K, committed 90240K, reserved 1126400K
  class space    used 11100K, capacity 12882K, committed 12928K, reserved 1048576K
}
Event: 193.865 GC heap before
{Heap before GC invocations=99 (full 0):
 garbage-first heap   total 245760K, used 198001K [0x00000000a0000000, 0x0000000100000000)
  region size 1024K, 20 young (20480K), 3 survivors (3072K)
 Metaspace       used 84777K, capacity 90610K, committed 90880K, reserved 1126400K
  class space    used 11161K, capacity 12973K, committed 13056K, reserved 1048576K
}
Event: 193.892 GC heap after
{Heap after GC invocations=100 (full 0):
 garbage-first heap   total 245760K, used 185532K [0x00000000a0000000, 0x0000000100000000)
  region size 1024K, 3 young (3072K), 3 survivors (3072K)
 Metaspace       used 84777K, capacity 90610K, committed 90880K, reserved 1126400K
  class space    used 11161K, capacity 12973K, committed 13056K, reserved 1048576K
}
Event: 194.211 GC heap before
{Heap before GC invocations=100 (full 0):
 garbage-first heap   total 245760K, used 201916K [0x00000000a0000000, 0x0000000100000000)
  region size 1024K, 19 young (19456K), 3 survivors (3072K)
 Metaspace       used 85227K, capacity 91138K, committed 91392K, reserved 1128448K
  class space    used 11225K, capacity 13036K, committed 13056K, reserved 1048576K
}
Event: 194.222 GC heap after
{Heap after GC invocations=101 (full 0):
 garbage-first heap   total 245760K, used 188243K [0x00000000a0000000, 0x0000000100000000)
  region size 1024K, 3 young (3072K), 3 survivors (3072K)
 Metaspace       used 85227K, capacity 91138K, committed 91392K, reserved 1128448K
  class space    used 11225K, capacity 13036K, committed 13056K, reserved 1048576K
}
Event: 194.928 GC heap before
{Heap before GC invocations=101 (full 0):
 garbage-first heap   total 245760K, used 203603K [0x00000000a0000000, 0x0000000100000000)
  region size 1024K, 18 young (18432K), 3 survivors (3072K)
 Metaspace       used 86418K, capacity 92456K, committed 92672K, reserved 1128448K
  class space    used 11424K, capacity 13277K, committed 13312K, reserved 1048576K
}

Deoptimization events (20 events):
Event: 194.647 Thread 0x000001c01fa99800 Uncommon trap: trap_request=0xffffffc6 fr.pc=0x000001c0108b9b40 relative=0x0000000000002d20
Event: 194.647 Thread 0x000001c01fa99800 Uncommon trap: reason=bimorphic_or_optimized_type_check action=maybe_recompile pc=0x000001c0108b9b40 method=org.gradle.internal.ImmutableActionSet.add(Lorg/gradle/api/Action;)Lorg/gradle/internal/ImmutableActionSet; @ 83 c2
Event: 194.647 Thread 0x000001c01fa99800 DEOPT PACKING pc=0x000001c0108b9b40 sp=0x000000a2b15fa1d0
Event: 194.647 Thread 0x000001c01fa99800 DEOPT UNPACKING pc=0x000001c0089478af sp=0x000000a2b15fa1f0 mode 2
Event: 194.647 Thread 0x000001c01fa99800 Uncommon trap: trap_request=0xffffffc6 fr.pc=0x000001c0108b9b40 relative=0x0000000000002d20
Event: 194.647 Thread 0x000001c01fa99800 Uncommon trap: reason=bimorphic_or_optimized_type_check action=maybe_recompile pc=0x000001c0108b9b40 method=org.gradle.internal.ImmutableActionSet.add(Lorg/gradle/api/Action;)Lorg/gradle/internal/ImmutableActionSet; @ 83 c2
Event: 194.647 Thread 0x000001c01fa99800 DEOPT PACKING pc=0x000001c0108b9b40 sp=0x000000a2b15fa1d0
Event: 194.647 Thread 0x000001c01fa99800 DEOPT UNPACKING pc=0x000001c0089478af sp=0x000000a2b15fa1f0 mode 2
Event: 194.648 Thread 0x000001c01fa99800 Uncommon trap: trap_request=0xffffffc6 fr.pc=0x000001c0108b9b40 relative=0x0000000000002d20
Event: 194.648 Thread 0x000001c01fa99800 Uncommon trap: reason=bimorphic_or_optimized_type_check action=maybe_recompile pc=0x000001c0108b9b40 method=org.gradle.internal.ImmutableActionSet.add(Lorg/gradle/api/Action;)Lorg/gradle/internal/ImmutableActionSet; @ 83 c2
Event: 194.648 Thread 0x000001c01fa99800 DEOPT PACKING pc=0x000001c0108b9b40 sp=0x000000a2b15fa1d0
Event: 194.648 Thread 0x000001c01fa99800 DEOPT UNPACKING pc=0x000001c0089478af sp=0x000000a2b15fa1f0 mode 2
Event: 194.847 Thread 0x000001c01fa99800 Uncommon trap: trap_request=0xffffff4d fr.pc=0x000001c0108a6cd0 relative=0x0000000000000770
Event: 194.847 Thread 0x000001c01fa99800 Uncommon trap: reason=unstable_if action=reinterpret pc=0x000001c0108a6cd0 method=org.gradle.internal.snapshot.VfsRelativePath.hasPrefix(Ljava/lang/String;Lorg/gradle/internal/snapshot/CaseSensitivity;)Z @ 6 c2
Event: 194.847 Thread 0x000001c01fa99800 DEOPT PACKING pc=0x000001c0108a6cd0 sp=0x000000a2b15f9860
Event: 194.847 Thread 0x000001c01fa99800 DEOPT UNPACKING pc=0x000001c0089478af sp=0x000000a2b15f97f0 mode 2
Event: 194.847 Thread 0x000001c01fa99800 Uncommon trap: trap_request=0xffffff4d fr.pc=0x000001c01091d038 relative=0x00000000000038f8
Event: 194.847 Thread 0x000001c01fa99800 Uncommon trap: reason=unstable_if action=reinterpret pc=0x000001c01091d038 method=org.gradle.internal.snapshot.VfsRelativePath.fromChild(Ljava/lang/String;)Lorg/gradle/internal/snapshot/VfsRelativePath; @ 4 c2
Event: 194.847 Thread 0x000001c01fa99800 DEOPT PACKING pc=0x000001c01091d038 sp=0x000000a2b15f9840
Event: 194.847 Thread 0x000001c01fa99800 DEOPT UNPACKING pc=0x000001c0089478af sp=0x000000a2b15f97a8 mode 2

Classes redefined (0 events):
No events

Internal exceptions (20 events):
Event: 188.132 Thread 0x000001c01fa99800 Exception <a 'java/lang/ClassNotFoundException'{0x00000000a881b148}: build_2gguy0m70oontv3pih0xrg70kBeanInfo> (0x00000000a881b148) thrown at [./src/hotspot/share/classfile/systemDictionary.cpp, line 231]
Event: 188.132 Thread 0x000001c01fa99800 Exception <a 'java/lang/ClassNotFoundException'{0x00000000a8824158}: build_2gguy0m70oontv3pih0xrg70kCustomizer> (0x00000000a8824158) thrown at [./src/hotspot/share/classfile/systemDictionary.cpp, line 231]
Event: 189.887 Thread 0x000001c01fa99800 Exception <a 'java/lang/NoSuchMethodError'{0x00000000a91076b0}: 'java.lang.Object java.lang.invoke.DirectMethodHandle$Holder.invokeStatic(java.lang.Object, int, int, java.lang.Object)'> (0x00000000a91076b0) thrown at [./src/hotspot/share/interpreter/linkResolver.cpp, line 773]
Event: 190.306 Thread 0x000001c01fa99800 Exception <a 'java/lang/NoSuchMethodError'{0x00000000a9a850d8}: 'void java.lang.invoke.DirectMethodHandle$Holder.invokeSpecial(java.lang.Object, java.lang.Object, java.lang.Object, int)'> (0x00000000a9a850d8) thrown at [./src/hotspot/share/interpreter/linkResolver.cpp, line 773]
Event: 190.710 Thread 0x000001c01fa99800 Exception <a 'java/lang/NoSuchMethodError'{0x00000000a8f3e270}: 'java.lang.Object java.lang.invoke.Invokers$Holder.linkToTargetMethod(java.lang.Object, java.lang.Object, java.lang.Object, java.lang.Object, java.lang.Object, java.lang.Object, java.lang.Object)'> (0x00000000a8f3e270) thrown at [./src/hotspot/share/interpreter/linkResolver.cpp, line 773]
Event: 190.779 Thread 0x000001c01fa99800 Exception <a 'sun/nio/fs/WindowsException'{0x00000000aa038a58}> (0x00000000aa038a58) thrown at [./src/hotspot/share/prims/jni.cpp, line 615]
Event: 191.125 Thread 0x000001c01fa99800 Exception <a 'java/lang/NullPointerException'{0x00000000ac7b48c8}> (0x00000000ac7b48c8) thrown at [./src/hotspot/share/interpreter/linkResolver.cpp, line 1440]
Event: 191.389 Thread 0x000001c01fa99800 Implicit null exception at 0x000001c010a35b51 to 0x000001c010a37cf8
Event: 191.573 Thread 0x000001c01fa99800 Exception <a 'java/lang/NoSuchMethodError'{0x00000000ac2deb50}: 'int java.lang.invoke.DirectMethodHandle$Holder.invokeStatic(java.lang.Object, java.lang.Object, int, java.lang.Object)'> (0x00000000ac2deb50) thrown at [./src/hotspot/share/interpreter/linkResolver.cpp, line 773]
Event: 191.780 Thread 0x000001c01df9b000 Implicit null exception at 0x000001c01081b08d to 0x000001c01081b750
Event: 193.181 Thread 0x000001c01fa99800 Exception <a 'java/lang/ClassNotFoundException'{0x00000000ae784720}: org/gradle/api/internal/file/UnionFileCollectionBeanInfo> (0x00000000ae784720) thrown at [./src/hotspot/share/classfile/systemDictionary.cpp, line 231]
Event: 193.182 Thread 0x000001c01fa99800 Exception <a 'java/lang/ClassNotFoundException'{0x00000000ae795730}: org/gradle/api/internal/file/UnionFileCollectionCustomizer> (0x00000000ae795730) thrown at [./src/hotspot/share/classfile/systemDictionary.cpp, line 231]
Event: 193.718 Thread 0x000001c01fa99800 Exception <a 'java/lang/ClassNotFoundException'{0x00000000ae32b0f0}: com/android/build/gradle/tasks/MergeResources_DecoratedBeanInfo> (0x00000000ae32b0f0) thrown at [./src/hotspot/share/classfile/systemDictionary.cpp, line 231]
Event: 193.721 Thread 0x000001c01fa99800 Exception <a 'java/lang/ClassNotFoundException'{0x00000000ae340c10}: com/android/build/gradle/tasks/MergeResourcesBeanInfo> (0x00000000ae340c10) thrown at [./src/hotspot/share/classfile/systemDictionary.cpp, line 231]
Event: 193.722 Thread 0x000001c01fa99800 Exception <a 'java/lang/ClassNotFoundException'{0x00000000ae356818}: com/android/build/gradle/tasks/ResourceAwareTaskBeanInfo> (0x00000000ae356818) thrown at [./src/hotspot/share/classfile/systemDictionary.cpp, line 231]
Event: 193.723 Thread 0x000001c01fa99800 Exception <a 'java/lang/ClassNotFoundException'{0x00000000ae36d120}: com/android/build/gradle/tasks/ResourceAwareTaskCustomizer> (0x00000000ae36d120) thrown at [./src/hotspot/share/classfile/systemDictionary.cpp, line 231]
Event: 193.725 Thread 0x000001c01fa99800 Exception <a 'java/lang/ClassNotFoundException'{0x00000000ae399988}: com/android/build/gradle/tasks/MergeResourcesCustomizer> (0x00000000ae399988) thrown at [./src/hotspot/share/classfile/systemDictionary.cpp, line 231]
Event: 193.727 Thread 0x000001c01fa99800 Exception <a 'java/lang/ClassNotFoundException'{0x00000000ae3e1978}: com/android/build/gradle/tasks/MergeResources_DecoratedCustomizer> (0x00000000ae3e1978) thrown at [./src/hotspot/share/classfile/systemDictionary.cpp, line 231]
Event: 194.606 Thread 0x000001c01fa99800 Exception <a 'java/lang/NoSuchMethodError'{0x00000000ae68ac28}: 'void java.lang.invoke.DirectMethodHandle$Holder.invokeInterface(java.lang.Object, java.lang.Object)'> (0x00000000ae68ac28) thrown at [./src/hotspot/share/interpreter/linkResolver.cpp, line 773]
Event: 194.611 Thread 0x000001c01fa99800 Exception <a 'java/lang/NoSuchMethodError'{0x00000000ae6a1820}: 'java.lang.Object java.lang.invoke.Invokers$Holder.linkToTargetMethod(java.lang.Object, java.lang.Object, java.lang.Object, java.lang.Object, java.lang.Object, java.lang.Object, java.lang.Object, java.lang.Object)'> (0x00000000ae6a1820) thrown at [./src/hotspot/share/interpreter/linkResolver.cpp, line 773]

Events (20 events):
Event: 194.918 loading class org/gradle/internal/execution/history/changes/SummarizingChangeContainer done
Event: 194.919 loading class org/gradle/internal/execution/history/changes/ErrorHandlingChangeContainer
Event: 194.919 loading class org/gradle/internal/execution/history/changes/ErrorHandlingChangeContainer done
Event: 194.920 loading class org/gradle/internal/execution/history/changes/DefaultExecutionStateChangeDetector$MessageCollectingChangeVisitor
Event: 194.920 loading class org/gradle/internal/execution/history/changes/DefaultExecutionStateChangeDetector$MessageCollectingChangeVisitor done
Event: 194.921 loading class org/gradle/internal/execution/history/changes/SummarizingChangeContainer$ChangeDetectingVisitor
Event: 194.921 loading class org/gradle/internal/execution/history/changes/SummarizingChangeContainer$ChangeDetectingVisitor done
Event: 194.922 loading class org/gradle/internal/execution/history/changes/PropertyChanges$1
Event: 194.922 loading class org/gradle/internal/execution/history/changes/PropertyChanges$1 done
Event: 194.923 loading class org/gradle/internal/execution/history/changes/SortedMapDiffUtil
Event: 194.923 loading class org/gradle/internal/execution/history/changes/SortedMapDiffUtil done
Event: 194.923 loading class org/gradle/internal/execution/history/changes/AbstractFingerprintChanges$1
Event: 194.923 loading class org/gradle/internal/execution/history/changes/AbstractFingerprintChanges$1 done
Event: 194.925 loading class org/gradle/internal/execution/history/changes/DefaultInputFileChanges
Event: 194.925 loading class org/gradle/internal/execution/history/changes/DefaultInputFileChanges done
Event: 194.925 loading class org/gradle/internal/execution/history/changes/CachingChangeContainer
Event: 194.925 loading class org/gradle/internal/execution/history/changes/CachingChangeContainer done
Event: 194.926 loading class org/gradle/internal/execution/history/changes/DefaultExecutionStateChangeDetector$InputFileChangesWrapper
Event: 194.926 loading class org/gradle/internal/execution/history/changes/DefaultExecutionStateChangeDetector$InputFileChangesWrapper done
Event: 194.926 Executing VM operation: G1CollectForAllocation


Dynamic libraries:
0x00007ff62df90000 - 0x00007ff62df9a000 	D:\Android_studio\jre\bin\java.exe
0x00007ff902130000 - 0x00007ff902325000 	C:\WINDOWS\SYSTEM32\ntdll.dll
0x00007ff9007f0000 - 0x00007ff9008ae000 	C:\WINDOWS\System32\KERNEL32.DLL
0x00007ff8ffae0000 - 0x00007ff8ffda8000 	C:\WINDOWS\System32\KERNELBASE.dll
0x00007ff8ffdb0000 - 0x00007ff8ffeb0000 	C:\WINDOWS\System32\ucrtbase.dll
0x00007ff8c34f0000 - 0x00007ff8c3509000 	D:\Android_studio\jre\bin\jli.dll
0x00007ff8c2c80000 - 0x00007ff8c2c97000 	D:\Android_studio\jre\bin\VCRUNTIME140.dll
0x00007ff901b20000 - 0x00007ff901cc0000 	C:\WINDOWS\System32\USER32.dll
0x00007ff8ff880000 - 0x00007ff8ff8a2000 	C:\WINDOWS\System32\win32u.dll
0x00007ff900230000 - 0x00007ff90025b000 	C:\WINDOWS\System32\GDI32.dll
0x00007ff8ff920000 - 0x00007ff8ffa2b000 	C:\WINDOWS\System32\gdi32full.dll
0x00007ff8fff90000 - 0x00007ff90002d000 	C:\WINDOWS\System32\msvcp_win.dll
0x00007ff8ea560000 - 0x00007ff8ea7fa000 	C:\WINDOWS\WinSxS\amd64_microsoft.windows.common-controls_6595b64144ccf1df_6.0.19041.1110_none_60b5254171f9507e\COMCTL32.dll
0x00007ff9005c0000 - 0x00007ff90065e000 	C:\WINDOWS\System32\msvcrt.dll
0x00007ff900660000 - 0x00007ff900690000 	C:\WINDOWS\System32\IMM32.DLL
0x00007ff8b7cf0000 - 0x00007ff8b7d8d000 	D:\Android_studio\jre\bin\msvcp140.dll
0x00007ff891510000 - 0x00007ff891fdf000 	D:\Android_studio\jre\bin\server\jvm.dll
0x00007ff902040000 - 0x00007ff9020ee000 	C:\WINDOWS\System32\ADVAPI32.dll
0x00007ff901fa0000 - 0x00007ff90203c000 	C:\WINDOWS\System32\sechost.dll
0x00007ff900920000 - 0x00007ff900a45000 	C:\WINDOWS\System32\RPCRT4.dll
0x00007ff900fd0000 - 0x00007ff900fd8000 	C:\WINDOWS\System32\PSAPI.DLL
0x00007ff8e59d0000 - 0x00007ff8e59d9000 	C:\WINDOWS\SYSTEM32\WSOCK32.dll
0x00007ff8e7690000 - 0x00007ff8e76b7000 	C:\WINDOWS\SYSTEM32\WINMM.dll
0x00007ff8f6d60000 - 0x00007ff8f6d6a000 	C:\WINDOWS\SYSTEM32\VERSION.dll
0x00007ff900780000 - 0x00007ff9007eb000 	C:\WINDOWS\System32\WS2_32.dll
0x00007ff8fe140000 - 0x00007ff8fe152000 	C:\WINDOWS\SYSTEM32\kernel.appcore.dll
0x00007ff8f5460000 - 0x00007ff8f5471000 	D:\Android_studio\jre\bin\verify.dll
0x00007ff8fde10000 - 0x00007ff8fdff4000 	C:\WINDOWS\SYSTEM32\DBGHELP.DLL
0x00007ff8f3700000 - 0x00007ff8f372c000 	C:\WINDOWS\SYSTEM32\dbgcore.DLL
0x00007ff8fff00000 - 0x00007ff8fff82000 	C:\WINDOWS\System32\bcryptPrimitives.dll
0x00007ff8f2c60000 - 0x00007ff8f2c89000 	D:\Android_studio\jre\bin\java.dll
0x00007ff8f8240000 - 0x00007ff8f824b000 	D:\Android_studio\jre\bin\jimage.dll
0x00007ff8f5320000 - 0x00007ff8f5338000 	D:\Android_studio\jre\bin\zip.dll
0x00007ff901040000 - 0x00007ff901784000 	C:\WINDOWS\System32\SHELL32.dll
0x00007ff8fd5b0000 - 0x00007ff8fdd44000 	C:\WINDOWS\SYSTEM32\windows.storage.dll
0x00007ff900260000 - 0x00007ff9005b4000 	C:\WINDOWS\System32\combase.dll
0x00007ff8ff2b0000 - 0x00007ff8ff2dc000 	C:\WINDOWS\SYSTEM32\Wldp.dll
0x00007ff901a70000 - 0x00007ff901b1d000 	C:\WINDOWS\System32\SHCORE.dll
0x00007ff900fe0000 - 0x00007ff901035000 	C:\WINDOWS\System32\shlwapi.dll
0x00007ff8ff790000 - 0x00007ff8ff7af000 	C:\WINDOWS\SYSTEM32\profapi.dll
0x00007ff8e7b00000 - 0x00007ff8e7b1a000 	D:\Android_studio\jre\bin\net.dll
0x00007ff8f8a50000 - 0x00007ff8f8b59000 	C:\WINDOWS\SYSTEM32\WINHTTP.dll
0x00007ff8ff010000 - 0x00007ff8ff07a000 	C:\WINDOWS\system32\mswsock.dll
0x00007ff8e7ab0000 - 0x00007ff8e7ac4000 	D:\Android_studio\jre\bin\nio.dll
0x00007ff8c1de0000 - 0x00007ff8c1e07000 	C:\Users\Jingwei Li\.gradle\native\fdc75f09e3144964f2cf3f50f0aa648679c211496f362492102eb8c894070792\windows-amd64\native-platform.dll
0x00007ff8b4cc0000 - 0x00007ff8b4e56000 	C:\Users\Jingwei Li\.gradle\native\12488b8bf47d2d4c9fbf2f6322a914ad602e24e48041cd04a747c6da556b65c4\windows-amd64\native-platform-file-events.dll
0x00007ff8f30e0000 - 0x00007ff8f30ea000 	D:\Android_studio\jre\bin\management.dll
0x00007ff8f2c10000 - 0x00007ff8f2c1c000 	D:\Android_studio\jre\bin\management_ext.dll
0x00007ff8ff200000 - 0x00007ff8ff218000 	C:\WINDOWS\SYSTEM32\CRYPTSP.dll
0x00007ff8fe920000 - 0x00007ff8fe954000 	C:\WINDOWS\system32\rsaenh.dll
0x00007ff8ff850000 - 0x00007ff8ff877000 	C:\WINDOWS\System32\bcrypt.dll
0x00007ff8ff750000 - 0x00007ff8ff77e000 	C:\WINDOWS\SYSTEM32\USERENV.dll
0x00007ff8ff220000 - 0x00007ff8ff22c000 	C:\WINDOWS\SYSTEM32\CRYPTBASE.dll
0x00007ff8fecb0000 - 0x00007ff8feceb000 	C:\WINDOWS\SYSTEM32\IPHLPAPI.DLL
0x00007ff900770000 - 0x00007ff900778000 	C:\WINDOWS\System32\NSI.dll
0x00007ff8f3cd0000 - 0x00007ff8f3ce7000 	C:\WINDOWS\SYSTEM32\dhcpcsvc6.DLL
0x00007ff8f47a0000 - 0x00007ff8f47bd000 	C:\WINDOWS\SYSTEM32\dhcpcsvc.DLL
0x00007ff8fed40000 - 0x00007ff8fee0a000 	C:\WINDOWS\SYSTEM32\DNSAPI.dll
0x00007ff8f8c50000 - 0x00007ff8f8c5b000 	C:\WINDOWS\SYSTEM32\WINNSI.DLL

dbghelp: loaded successfully - version: 4.0.5 - missing functions: none
symbol engine: initialized successfully - sym options: 0x614 - pdb path: .;D:\Android_studio\jre\bin;C:\WINDOWS\SYSTEM32;C:\WINDOWS\WinSxS\amd64_microsoft.windows.common-controls_6595b64144ccf1df_6.0.19041.1110_none_60b5254171f9507e;D:\Android_studio\jre\bin\server;C:\Users\Jingwei Li\.gradle\native\fdc75f09e3144964f2cf3f50f0aa648679c211496f362492102eb8c894070792\windows-amd64;C:\Users\Jingwei Li\.gradle\native\12488b8bf47d2d4c9fbf2f6322a914ad602e24e48041cd04a747c6da556b65c4\windows-amd64

VM Arguments:
jvm_args: --add-opens=java.base/java.util=ALL-UNNAMED --add-opens=java.base/java.lang=ALL-UNNAMED --add-opens=java.base/java.lang.invoke=ALL-UNNAMED --add-opens=java.prefs/java.util.prefs=ALL-UNNAMED -Xmx1536M -Dfile.encoding=GBK -Duser.country=CN -Duser.language=zh -Duser.variant 
java_command: org.gradle.launcher.daemon.bootstrap.GradleDaemon 6.7
java_class_path (initial): C:\Users\Jingwei Li\.gradle\wrapper\dists\gradle-6.7-all\cuy9mc7upwgwgeb72wkcrupxe\gradle-6.7\lib\gradle-launcher-6.7.jar
Launcher Type: SUN_STANDARD

[Global flags]
     intx CICompilerCount                          = 4                                         {product} {ergonomic}
     uint ConcGCThreads                            = 2                                         {product} {ergonomic}
     uint G1ConcRefinementThreads                  = 8                                         {product} {ergonomic}
   size_t G1HeapRegionSize                         = 1048576                                   {product} {ergonomic}
    uintx GCDrainStackTargetSize                   = 64                                        {product} {ergonomic}
   size_t InitialHeapSize                          = 132120576                                 {product} {ergonomic}
   size_t MarkStackSize                            = 4194304                                   {product} {ergonomic}
   size_t MaxHeapSize                              = 1610612736                                {product} {command line}
   size_t MaxNewSize                               = 965738496                                 {product} {ergonomic}
   size_t MinHeapDeltaBytes                        = 1048576                                   {product} {ergonomic}
    uintx NonNMethodCodeHeapSize                   = 5836300                                {pd product} {ergonomic}
    uintx NonProfiledCodeHeapSize                  = 122910970                              {pd product} {ergonomic}
    uintx ProfiledCodeHeapSize                     = 122910970                              {pd product} {ergonomic}
    uintx ReservedCodeCacheSize                    = 251658240                              {pd product} {ergonomic}
     bool SegmentedCodeCache                       = true                                      {product} {ergonomic}
     bool UseCompressedClassPointers               = true                                 {lp64_product} {ergonomic}
     bool UseCompressedOops                        = true                                 {lp64_product} {ergonomic}
     bool UseG1GC                                  = true                                      {product} {ergonomic}
     bool UseLargePagesIndividualAllocation        = false                                  {pd product} {ergonomic}

Logging:
Log output configuration:
 #0: stdout all=warning uptime,level,tags
 #1: stderr all=off uptime,level,tags

Environment Variables:
JAVA_HOME=D:\Android_studio\jre
CLASSPATH=D:\Duke\Y3\PD\parkinsons_behavior_app\android\\gradle\wrapper\gradle-wrapper.jar
PATH=C:\Program Files\AdoptOpenJDK\jdk-16.0.1.9-hotspot\bin;C:\Program Files\AdoptOpenJDK\jdk-13.0.2.8-hotspot\bin;C:\Program Files (x86)\Python38-32\Scripts\;C:\Program Files (x86)\Python38-32\;C:\Windows\system32;C:\Windows;C:\Windows\System32\Wbem;C:\Windows\System32\WindowsPowerShell\v1.0\;C:\Windows\System32\OpenSSH\;C:\Program Files\Intel\WiFi\bin\;C:\Program Files\Common Files\Intel\WirelessCommon\;C:\Program Files (x86)\NVIDIA Corporation\PhysX\Common;C:\Program Files\NVIDIA Corporation\NVIDIA NvDLISR;C:\Users\Jingwei Li\AppData\Roaming\Python\Python38\Scripts;C:\Program Files (x86)\PharosSystems\Core;C:\WINDOWS\system32;C:\WINDOWS;C:\WINDOWS\System32\Wbem;C:\WINDOWS\System32\WindowsPowerShell\v1.0\;C:\WINDOWS\System32\OpenSSH\;C:\Program Files (x86)\NetSarang\Xftp 6\;C:\Program Files (x86)\NetSarang\Xshell 6\;C:\Program Files\Git\cmd;D:\nodejs\;D:\MATLAB\bin;C:\Program Files\dotnet\;C:\Program Files\Microsoft SQL Server\130\Tools\Binn\;C:\Program Files\Microsoft SQL Server\Client SDK\ODBC\170\Tools\Binn\;C:\Users\Jingwei Li\AppData\Local\Microsoft\WindowsApps;D:\pycharm\PyCharm Community Edition 2020.2.4\bin;;D:\c++\mingw64\bin;C:\Users\Jingwei Li\AppData\Local\GitHubDesktop\bin;D:\Microsoft VS Code\bin;D:\nodejs\node_global;C:\Users\Jingwei Li\AppData\Roaming\npm;C:\Users\Jingwei Li\.dotnet\tools;D:\flutter\bin;C:\Program Files\heroku\bin;D:\flutter\bin\mingit\cmd
USERNAME=Jingwei_Li
OS=Windows_NT
PROCESSOR_IDENTIFIER=Intel64 Family 6 Model 142 Stepping 11, GenuineIntel



---------------  S Y S T E M  ---------------

OS: Windows 10 , 64 bit Build 19041 (10.0.19041.1566)
OS uptime: 6 days 18:33 hours

CPU:total 8 (initial active 8) (4 cores per cpu, 2 threads per core) family 6 model 142 stepping 11 microcode 0xd6, cmov, cx8, fxsr, mmx, sse, sse2, sse3, ssse3, sse4.1, sse4.2, popcnt, avx, avx2, aes, clmul, erms, 3dnowpref, lzcnt, ht, tsc, tscinvbit, bmi1, bmi2, adx, fma

Memory: 4k page, system-wide physical 8000M (55M free)
TotalPageFile size 28395M (AvailPageFile size 62M)
current process WorkingSet (physical memory assigned to process): 382M, peak: 382M
current process commit charge ("private bytes"): 557M, peak: 650M

vm_info: OpenJDK 64-Bit Server VM (11.0.10+0-b96-7249189) for windows-amd64 JRE (11.0.10+0-b96-7249189), built on Mar 31 2021 21:44:00 by "builder" with MS VC++ 14.0 (VS2015)

END.
